ARM GAS  C:\Users\HEITKE~1\AppData\Local\Temp\cc08MA2L.s 			page 1


   1              		.syntax unified
   2              		.cpu cortex-m0
   3              		.fpu softvfp
   4              		.eabi_attribute 20, 1
   5              		.eabi_attribute 21, 1
   6              		.eabi_attribute 23, 3
   7              		.eabi_attribute 24, 1
   8              		.eabi_attribute 25, 1
   9              		.eabi_attribute 26, 1
  10              		.eabi_attribute 30, 1
  11              		.eabi_attribute 34, 0
  12              		.eabi_attribute 18, 4
  13              		.thumb
  14              		.syntax unified
  15              		.file	"cyfitter_cfg.c"
  16              		.text
  17              	.Ltext0:
  18              		.cfi_sections	.debug_frame
  19              		.section	.text.cfg_write_bytes32,"ax",%progbits
  20              		.align	2
  21              		.code	16
  22              		.thumb_func
  23              		.type	cfg_write_bytes32, %function
  24              	cfg_write_bytes32:
  25              	.LFB4:
  26              		.file 1 "Generated_Source\\PSoC4\\cyfitter_cfg.c"
   1:Generated_Source\PSoC4/cyfitter_cfg.c **** 
   2:Generated_Source\PSoC4/cyfitter_cfg.c **** /*******************************************************************************
   3:Generated_Source\PSoC4/cyfitter_cfg.c **** * File Name: cyfitter_cfg.c
   4:Generated_Source\PSoC4/cyfitter_cfg.c **** * 
   5:Generated_Source\PSoC4/cyfitter_cfg.c **** * PSoC Creator  4.1 Update 1
   6:Generated_Source\PSoC4/cyfitter_cfg.c **** *
   7:Generated_Source\PSoC4/cyfitter_cfg.c **** * Description:
   8:Generated_Source\PSoC4/cyfitter_cfg.c **** * This file contains device initialization code.
   9:Generated_Source\PSoC4/cyfitter_cfg.c **** * Except for the user defined sections in CyClockStartupError(), this file should not be modified.
  10:Generated_Source\PSoC4/cyfitter_cfg.c **** * This file is automatically generated by PSoC Creator.
  11:Generated_Source\PSoC4/cyfitter_cfg.c **** *
  12:Generated_Source\PSoC4/cyfitter_cfg.c **** ********************************************************************************
  13:Generated_Source\PSoC4/cyfitter_cfg.c **** * Copyright (c) 2007-2017 Cypress Semiconductor.  All rights reserved.
  14:Generated_Source\PSoC4/cyfitter_cfg.c **** * You may use this file only in accordance with the license, terms, conditions, 
  15:Generated_Source\PSoC4/cyfitter_cfg.c **** * disclaimers, and limitations in the end user license agreement accompanying 
  16:Generated_Source\PSoC4/cyfitter_cfg.c **** * the software package with which this file was provided.
  17:Generated_Source\PSoC4/cyfitter_cfg.c **** ********************************************************************************/
  18:Generated_Source\PSoC4/cyfitter_cfg.c **** 
  19:Generated_Source\PSoC4/cyfitter_cfg.c **** #include <string.h>
  20:Generated_Source\PSoC4/cyfitter_cfg.c **** #include "cytypes.h"
  21:Generated_Source\PSoC4/cyfitter_cfg.c **** #include "cydevice_trm.h"
  22:Generated_Source\PSoC4/cyfitter_cfg.c **** #include "cyfitter.h"
  23:Generated_Source\PSoC4/cyfitter_cfg.c **** #include "CyLib.h"
  24:Generated_Source\PSoC4/cyfitter_cfg.c **** #include "CyLFClk.h"
  25:Generated_Source\PSoC4/cyfitter_cfg.c **** #include "cyfitter_cfg.h"
  26:Generated_Source\PSoC4/cyfitter_cfg.c **** #include "cyapicallbacks.h"
  27:Generated_Source\PSoC4/cyfitter_cfg.c **** 
  28:Generated_Source\PSoC4/cyfitter_cfg.c **** 
  29:Generated_Source\PSoC4/cyfitter_cfg.c **** #if defined(__GNUC__) || defined(__ARMCC_VERSION)
  30:Generated_Source\PSoC4/cyfitter_cfg.c ****     #define CYPACKED 
  31:Generated_Source\PSoC4/cyfitter_cfg.c ****     #define CYPACKED_ATTR __attribute__ ((packed))
ARM GAS  C:\Users\HEITKE~1\AppData\Local\Temp\cc08MA2L.s 			page 2


  32:Generated_Source\PSoC4/cyfitter_cfg.c ****     #define CYALIGNED __attribute__ ((aligned))
  33:Generated_Source\PSoC4/cyfitter_cfg.c ****     #define CY_CFG_UNUSED __attribute__ ((unused))
  34:Generated_Source\PSoC4/cyfitter_cfg.c ****     #ifndef CY_CFG_SECTION
  35:Generated_Source\PSoC4/cyfitter_cfg.c ****         #define CY_CFG_SECTION __attribute__ ((section(".psocinit")))
  36:Generated_Source\PSoC4/cyfitter_cfg.c ****     #endif
  37:Generated_Source\PSoC4/cyfitter_cfg.c ****     
  38:Generated_Source\PSoC4/cyfitter_cfg.c ****     #if defined(__ARMCC_VERSION)
  39:Generated_Source\PSoC4/cyfitter_cfg.c ****         #define CY_CFG_MEMORY_BARRIER() __memory_changed()
  40:Generated_Source\PSoC4/cyfitter_cfg.c ****     #else
  41:Generated_Source\PSoC4/cyfitter_cfg.c ****         #define CY_CFG_MEMORY_BARRIER() __sync_synchronize()
  42:Generated_Source\PSoC4/cyfitter_cfg.c ****     #endif
  43:Generated_Source\PSoC4/cyfitter_cfg.c ****     
  44:Generated_Source\PSoC4/cyfitter_cfg.c **** #elif defined(__ICCARM__)
  45:Generated_Source\PSoC4/cyfitter_cfg.c ****     #include <intrinsics.h>
  46:Generated_Source\PSoC4/cyfitter_cfg.c **** 
  47:Generated_Source\PSoC4/cyfitter_cfg.c ****     #define CYPACKED __packed
  48:Generated_Source\PSoC4/cyfitter_cfg.c ****     #define CYPACKED_ATTR 
  49:Generated_Source\PSoC4/cyfitter_cfg.c ****     #define CYALIGNED _Pragma("data_alignment=4")
  50:Generated_Source\PSoC4/cyfitter_cfg.c ****     #define CY_CFG_UNUSED _Pragma("diag_suppress=Pe177")
  51:Generated_Source\PSoC4/cyfitter_cfg.c ****     #define CY_CFG_SECTION _Pragma("location=\".psocinit\"")
  52:Generated_Source\PSoC4/cyfitter_cfg.c ****     
  53:Generated_Source\PSoC4/cyfitter_cfg.c ****     #define CY_CFG_MEMORY_BARRIER() __DMB()
  54:Generated_Source\PSoC4/cyfitter_cfg.c ****     
  55:Generated_Source\PSoC4/cyfitter_cfg.c **** #else
  56:Generated_Source\PSoC4/cyfitter_cfg.c ****     #error Unsupported toolchain
  57:Generated_Source\PSoC4/cyfitter_cfg.c **** #endif
  58:Generated_Source\PSoC4/cyfitter_cfg.c **** 
  59:Generated_Source\PSoC4/cyfitter_cfg.c **** #ifndef CYCODE
  60:Generated_Source\PSoC4/cyfitter_cfg.c ****     #define CYCODE
  61:Generated_Source\PSoC4/cyfitter_cfg.c **** #endif
  62:Generated_Source\PSoC4/cyfitter_cfg.c **** #ifndef CYDATA
  63:Generated_Source\PSoC4/cyfitter_cfg.c ****     #define CYDATA
  64:Generated_Source\PSoC4/cyfitter_cfg.c **** #endif
  65:Generated_Source\PSoC4/cyfitter_cfg.c **** #ifndef CYFAR
  66:Generated_Source\PSoC4/cyfitter_cfg.c ****     #define CYFAR
  67:Generated_Source\PSoC4/cyfitter_cfg.c **** #endif
  68:Generated_Source\PSoC4/cyfitter_cfg.c **** #ifndef CYXDATA
  69:Generated_Source\PSoC4/cyfitter_cfg.c ****     #define CYXDATA
  70:Generated_Source\PSoC4/cyfitter_cfg.c **** #endif
  71:Generated_Source\PSoC4/cyfitter_cfg.c **** 
  72:Generated_Source\PSoC4/cyfitter_cfg.c **** 
  73:Generated_Source\PSoC4/cyfitter_cfg.c **** CY_CFG_UNUSED
  74:Generated_Source\PSoC4/cyfitter_cfg.c **** static void CYMEMZERO(void *s, size_t n);
  75:Generated_Source\PSoC4/cyfitter_cfg.c **** CY_CFG_UNUSED
  76:Generated_Source\PSoC4/cyfitter_cfg.c **** static void CYMEMZERO(void *s, size_t n)
  77:Generated_Source\PSoC4/cyfitter_cfg.c **** {
  78:Generated_Source\PSoC4/cyfitter_cfg.c **** 	(void)memset(s, 0, n);
  79:Generated_Source\PSoC4/cyfitter_cfg.c **** }
  80:Generated_Source\PSoC4/cyfitter_cfg.c **** CY_CFG_UNUSED
  81:Generated_Source\PSoC4/cyfitter_cfg.c **** static void CYCONFIGCPY(void *dest, const void *src, size_t n);
  82:Generated_Source\PSoC4/cyfitter_cfg.c **** CY_CFG_UNUSED
  83:Generated_Source\PSoC4/cyfitter_cfg.c **** static void CYCONFIGCPY(void *dest, const void *src, size_t n)
  84:Generated_Source\PSoC4/cyfitter_cfg.c **** {
  85:Generated_Source\PSoC4/cyfitter_cfg.c **** 	(void)memcpy(dest, src, n);
  86:Generated_Source\PSoC4/cyfitter_cfg.c **** }
  87:Generated_Source\PSoC4/cyfitter_cfg.c **** CY_CFG_UNUSED
  88:Generated_Source\PSoC4/cyfitter_cfg.c **** static void CYCONFIGCPYCODE(void *dest, const void *src, size_t n);
ARM GAS  C:\Users\HEITKE~1\AppData\Local\Temp\cc08MA2L.s 			page 3


  89:Generated_Source\PSoC4/cyfitter_cfg.c **** CY_CFG_UNUSED
  90:Generated_Source\PSoC4/cyfitter_cfg.c **** static void CYCONFIGCPYCODE(void *dest, const void *src, size_t n)
  91:Generated_Source\PSoC4/cyfitter_cfg.c **** {
  92:Generated_Source\PSoC4/cyfitter_cfg.c **** 	(void)memcpy(dest, src, n);
  93:Generated_Source\PSoC4/cyfitter_cfg.c **** }
  94:Generated_Source\PSoC4/cyfitter_cfg.c **** 
  95:Generated_Source\PSoC4/cyfitter_cfg.c **** 
  96:Generated_Source\PSoC4/cyfitter_cfg.c **** 
  97:Generated_Source\PSoC4/cyfitter_cfg.c **** 
  98:Generated_Source\PSoC4/cyfitter_cfg.c **** /* Clock startup error codes                                                   */
  99:Generated_Source\PSoC4/cyfitter_cfg.c **** #define CYCLOCKSTART_NO_ERROR    0u
 100:Generated_Source\PSoC4/cyfitter_cfg.c **** #define CYCLOCKSTART_XTAL_ERROR  1u
 101:Generated_Source\PSoC4/cyfitter_cfg.c **** #define CYCLOCKSTART_32KHZ_ERROR 2u
 102:Generated_Source\PSoC4/cyfitter_cfg.c **** #define CYCLOCKSTART_PLL_ERROR   3u
 103:Generated_Source\PSoC4/cyfitter_cfg.c **** #define CYCLOCKSTART_FLL_ERROR   4u
 104:Generated_Source\PSoC4/cyfitter_cfg.c **** 
 105:Generated_Source\PSoC4/cyfitter_cfg.c **** 
 106:Generated_Source\PSoC4/cyfitter_cfg.c **** #ifdef CY_NEED_CYCLOCKSTARTUPERROR
 107:Generated_Source\PSoC4/cyfitter_cfg.c **** /*******************************************************************************
 108:Generated_Source\PSoC4/cyfitter_cfg.c **** * Function Name: CyClockStartupError
 109:Generated_Source\PSoC4/cyfitter_cfg.c **** ********************************************************************************
 110:Generated_Source\PSoC4/cyfitter_cfg.c **** * Summary:
 111:Generated_Source\PSoC4/cyfitter_cfg.c **** *  If an error is encountered during clock configuration (crystal startup error,
 112:Generated_Source\PSoC4/cyfitter_cfg.c **** *  PLL lock error, etc.), the system will end up here.  Unless reimplemented by
 113:Generated_Source\PSoC4/cyfitter_cfg.c **** *  the customer, this function will stop in an infinite loop.
 114:Generated_Source\PSoC4/cyfitter_cfg.c **** *
 115:Generated_Source\PSoC4/cyfitter_cfg.c **** * Parameters:
 116:Generated_Source\PSoC4/cyfitter_cfg.c **** *   void
 117:Generated_Source\PSoC4/cyfitter_cfg.c **** *
 118:Generated_Source\PSoC4/cyfitter_cfg.c **** * Return:
 119:Generated_Source\PSoC4/cyfitter_cfg.c **** *   void
 120:Generated_Source\PSoC4/cyfitter_cfg.c **** *
 121:Generated_Source\PSoC4/cyfitter_cfg.c **** *******************************************************************************/
 122:Generated_Source\PSoC4/cyfitter_cfg.c **** CY_CFG_UNUSED
 123:Generated_Source\PSoC4/cyfitter_cfg.c **** static void CyClockStartupError(uint8 errorCode);
 124:Generated_Source\PSoC4/cyfitter_cfg.c **** CY_CFG_UNUSED
 125:Generated_Source\PSoC4/cyfitter_cfg.c **** static void CyClockStartupError(uint8 errorCode)
 126:Generated_Source\PSoC4/cyfitter_cfg.c **** {
 127:Generated_Source\PSoC4/cyfitter_cfg.c ****     /* To remove the compiler warning if errorCode not used. */
 128:Generated_Source\PSoC4/cyfitter_cfg.c **** #if defined(CY_PSOC3) && (CY_PSOC3)
 129:Generated_Source\PSoC4/cyfitter_cfg.c ****     errorCode = errorCode;
 130:Generated_Source\PSoC4/cyfitter_cfg.c **** #else
 131:Generated_Source\PSoC4/cyfitter_cfg.c ****     (void)errorCode;
 132:Generated_Source\PSoC4/cyfitter_cfg.c **** #endif /* CY_PSOC3 */
 133:Generated_Source\PSoC4/cyfitter_cfg.c **** 
 134:Generated_Source\PSoC4/cyfitter_cfg.c ****     /* If we have a clock startup error (bad MHz crystal, PLL lock, etc.),  */
 135:Generated_Source\PSoC4/cyfitter_cfg.c ****     /* we will end up here to allow the customer to implement something to  */
 136:Generated_Source\PSoC4/cyfitter_cfg.c ****     /* deal with the clock condition.                                       */
 137:Generated_Source\PSoC4/cyfitter_cfg.c **** 
 138:Generated_Source\PSoC4/cyfitter_cfg.c **** #ifdef CY_CFG_CLOCK_STARTUP_ERROR_CALLBACK
 139:Generated_Source\PSoC4/cyfitter_cfg.c ****     CY_CFG_Clock_Startup_ErrorCallback();
 140:Generated_Source\PSoC4/cyfitter_cfg.c **** #else
 141:Generated_Source\PSoC4/cyfitter_cfg.c ****     /*  If not using CY_CFG_CLOCK_STARTUP_ERROR_CALLBACK, place your clock startup code here. */
 142:Generated_Source\PSoC4/cyfitter_cfg.c ****     /* `#START CyClockStartupError` */
 143:Generated_Source\PSoC4/cyfitter_cfg.c **** 
 144:Generated_Source\PSoC4/cyfitter_cfg.c **** 
 145:Generated_Source\PSoC4/cyfitter_cfg.c **** 
ARM GAS  C:\Users\HEITKE~1\AppData\Local\Temp\cc08MA2L.s 			page 4


 146:Generated_Source\PSoC4/cyfitter_cfg.c ****     /* `#END` */
 147:Generated_Source\PSoC4/cyfitter_cfg.c **** 
 148:Generated_Source\PSoC4/cyfitter_cfg.c ****     while(1) {}
 149:Generated_Source\PSoC4/cyfitter_cfg.c **** #endif /* CY_CFG_CLOCK_STARTUP_ERROR_CALLBACK */
 150:Generated_Source\PSoC4/cyfitter_cfg.c **** }
 151:Generated_Source\PSoC4/cyfitter_cfg.c **** #endif
 152:Generated_Source\PSoC4/cyfitter_cfg.c **** 
 153:Generated_Source\PSoC4/cyfitter_cfg.c **** #define CY_CFG_BASE_ADDR_COUNT 8u
 154:Generated_Source\PSoC4/cyfitter_cfg.c **** CYPACKED typedef struct
 155:Generated_Source\PSoC4/cyfitter_cfg.c **** {
 156:Generated_Source\PSoC4/cyfitter_cfg.c **** 	uint8 offset;
 157:Generated_Source\PSoC4/cyfitter_cfg.c **** 	uint8 value;
 158:Generated_Source\PSoC4/cyfitter_cfg.c **** } CYPACKED_ATTR cy_cfg_addrvalue_t;
 159:Generated_Source\PSoC4/cyfitter_cfg.c **** 
 160:Generated_Source\PSoC4/cyfitter_cfg.c **** 
 161:Generated_Source\PSoC4/cyfitter_cfg.c **** 
 162:Generated_Source\PSoC4/cyfitter_cfg.c **** /*******************************************************************************
 163:Generated_Source\PSoC4/cyfitter_cfg.c **** * Function Name: cfg_write_bytes32
 164:Generated_Source\PSoC4/cyfitter_cfg.c **** ********************************************************************************
 165:Generated_Source\PSoC4/cyfitter_cfg.c **** * Summary:
 166:Generated_Source\PSoC4/cyfitter_cfg.c **** *  This function is used for setting up the chip configuration areas that
 167:Generated_Source\PSoC4/cyfitter_cfg.c **** *  contain relatively sparse data.
 168:Generated_Source\PSoC4/cyfitter_cfg.c **** *
 169:Generated_Source\PSoC4/cyfitter_cfg.c **** * Parameters:
 170:Generated_Source\PSoC4/cyfitter_cfg.c **** *   void
 171:Generated_Source\PSoC4/cyfitter_cfg.c **** *
 172:Generated_Source\PSoC4/cyfitter_cfg.c **** * Return:
 173:Generated_Source\PSoC4/cyfitter_cfg.c **** *   void
 174:Generated_Source\PSoC4/cyfitter_cfg.c **** *
 175:Generated_Source\PSoC4/cyfitter_cfg.c **** *******************************************************************************/
 176:Generated_Source\PSoC4/cyfitter_cfg.c **** static void cfg_write_bytes32(const uint32 addr_table[], const cy_cfg_addrvalue_t data_table[]);
 177:Generated_Source\PSoC4/cyfitter_cfg.c **** static void cfg_write_bytes32(const uint32 addr_table[], const cy_cfg_addrvalue_t data_table[])
 178:Generated_Source\PSoC4/cyfitter_cfg.c **** {
  27              		.loc 1 178 0
  28              		.cfi_startproc
  29              		@ args = 0, pretend = 0, frame = 0
  30              		@ frame_needed = 0, uses_anonymous_args = 0
  31              	.LVL0:
  32 0000 F0B5     		push	{r4, r5, r6, r7, lr}
  33              		.cfi_def_cfa_offset 20
  34              		.cfi_offset 4, -20
  35              		.cfi_offset 5, -16
  36              		.cfi_offset 6, -12
  37              		.cfi_offset 7, -8
  38              		.cfi_offset 14, -4
  39              	.LVL1:
 179:Generated_Source\PSoC4/cyfitter_cfg.c **** 	/* For 32-bit little-endian architectures */
 180:Generated_Source\PSoC4/cyfitter_cfg.c **** 	uint32 i, j = 0u;
  40              		.loc 1 180 0
  41 0002 0025     		movs	r5, #0
 181:Generated_Source\PSoC4/cyfitter_cfg.c **** 	for (i = 0u; i < CY_CFG_BASE_ADDR_COUNT; i++)
  42              		.loc 1 181 0
  43 0004 0027     		movs	r7, #0
  44 0006 11E0     		b	.L2
  45              	.LVL2:
  46              	.L5:
  47              	.LBB2:
ARM GAS  C:\Users\HEITKE~1\AppData\Local\Temp\cc08MA2L.s 			page 5


 182:Generated_Source\PSoC4/cyfitter_cfg.c **** 	{
 183:Generated_Source\PSoC4/cyfitter_cfg.c **** 		uint32 baseAddr = addr_table[i];
  48              		.loc 1 183 0
  49 0008 BB00     		lsls	r3, r7, #2
  50 000a C658     		ldr	r6, [r0, r3]
  51              	.LVL3:
 184:Generated_Source\PSoC4/cyfitter_cfg.c **** 		uint8 count = (uint8)baseAddr;
  52              		.loc 1 184 0
  53 000c F3B2     		uxtb	r3, r6
  54              	.LVL4:
 185:Generated_Source\PSoC4/cyfitter_cfg.c **** 		baseAddr &= 0xFFFFFF00u;
  55              		.loc 1 185 0
  56 000e FF22     		movs	r2, #255
  57 0010 9643     		bics	r6, r2
  58              	.LVL5:
 186:Generated_Source\PSoC4/cyfitter_cfg.c **** 		while (count != 0u)
  59              		.loc 1 186 0
  60 0012 08E0     		b	.L3
  61              	.L4:
 187:Generated_Source\PSoC4/cyfitter_cfg.c **** 		{
 188:Generated_Source\PSoC4/cyfitter_cfg.c **** 			CY_SET_REG8((void *)(baseAddr + data_table[j].offset), data_table[j].value);
  62              		.loc 1 188 0
  63 0014 6A00     		lsls	r2, r5, #1
  64 0016 8A18     		adds	r2, r1, r2
  65 0018 1478     		ldrb	r4, [r2]
  66 001a A419     		adds	r4, r4, r6
  67 001c 5278     		ldrb	r2, [r2, #1]
  68 001e 2270     		strb	r2, [r4]
 189:Generated_Source\PSoC4/cyfitter_cfg.c **** 			j++;
  69              		.loc 1 189 0
  70 0020 0135     		adds	r5, r5, #1
  71              	.LVL6:
 190:Generated_Source\PSoC4/cyfitter_cfg.c **** 			count--;
  72              		.loc 1 190 0
  73 0022 013B     		subs	r3, r3, #1
  74              	.LVL7:
  75 0024 DBB2     		uxtb	r3, r3
  76              	.LVL8:
  77              	.L3:
 186:Generated_Source\PSoC4/cyfitter_cfg.c **** 		{
  78              		.loc 1 186 0
  79 0026 002B     		cmp	r3, #0
  80 0028 F4D1     		bne	.L4
  81              	.LBE2:
 181:Generated_Source\PSoC4/cyfitter_cfg.c **** 	{
  82              		.loc 1 181 0 discriminator 2
  83 002a 0137     		adds	r7, r7, #1
  84              	.LVL9:
  85              	.L2:
 181:Generated_Source\PSoC4/cyfitter_cfg.c **** 	{
  86              		.loc 1 181 0 is_stmt 0 discriminator 1
  87 002c 072F     		cmp	r7, #7
  88 002e EBD9     		bls	.L5
 191:Generated_Source\PSoC4/cyfitter_cfg.c **** 		}
 192:Generated_Source\PSoC4/cyfitter_cfg.c **** 	}
 193:Generated_Source\PSoC4/cyfitter_cfg.c **** }
  89              		.loc 1 193 0 is_stmt 1
ARM GAS  C:\Users\HEITKE~1\AppData\Local\Temp\cc08MA2L.s 			page 6


  90              		@ sp needed
  91              	.LVL10:
  92              	.LVL11:
  93 0030 F0BD     		pop	{r4, r5, r6, r7, pc}
  94              		.cfi_endproc
  95              	.LFE4:
  96              		.size	cfg_write_bytes32, .-cfg_write_bytes32
  97 0032 C046     		.section	.text.AnalogSetDefault,"ax",%progbits
  98              		.align	2
  99              		.code	16
 100              		.thumb_func
 101              		.type	AnalogSetDefault, %function
 102              	AnalogSetDefault:
 103              	.LFB6:
 194:Generated_Source\PSoC4/cyfitter_cfg.c **** 
 195:Generated_Source\PSoC4/cyfitter_cfg.c **** 
 196:Generated_Source\PSoC4/cyfitter_cfg.c **** /*******************************************************************************
 197:Generated_Source\PSoC4/cyfitter_cfg.c **** * Function Name: ClockSetup
 198:Generated_Source\PSoC4/cyfitter_cfg.c **** ********************************************************************************
 199:Generated_Source\PSoC4/cyfitter_cfg.c **** *
 200:Generated_Source\PSoC4/cyfitter_cfg.c **** * Summary:
 201:Generated_Source\PSoC4/cyfitter_cfg.c **** *   Performs the initialization of all of the clocks in the device based on the
 202:Generated_Source\PSoC4/cyfitter_cfg.c **** *   settings in the Clock tab of the DWR.  This includes enabling the requested
 203:Generated_Source\PSoC4/cyfitter_cfg.c **** *   clocks and setting the necessary dividers to produce the desired frequency. 
 204:Generated_Source\PSoC4/cyfitter_cfg.c **** *
 205:Generated_Source\PSoC4/cyfitter_cfg.c **** * Parameters:
 206:Generated_Source\PSoC4/cyfitter_cfg.c **** *   void
 207:Generated_Source\PSoC4/cyfitter_cfg.c **** *
 208:Generated_Source\PSoC4/cyfitter_cfg.c **** * Return:
 209:Generated_Source\PSoC4/cyfitter_cfg.c **** *   void
 210:Generated_Source\PSoC4/cyfitter_cfg.c **** *
 211:Generated_Source\PSoC4/cyfitter_cfg.c **** *******************************************************************************/
 212:Generated_Source\PSoC4/cyfitter_cfg.c **** static void ClockSetup(void);
 213:Generated_Source\PSoC4/cyfitter_cfg.c **** CY_CFG_SECTION
 214:Generated_Source\PSoC4/cyfitter_cfg.c **** static void ClockSetup(void)
 215:Generated_Source\PSoC4/cyfitter_cfg.c **** {
 216:Generated_Source\PSoC4/cyfitter_cfg.c **** 
 217:Generated_Source\PSoC4/cyfitter_cfg.c **** 	/* Set Flash Cycles based on max possible frequency in case a glitch occurs during ClockSetup(). *
 218:Generated_Source\PSoC4/cyfitter_cfg.c **** 	CY_SET_REG32((void CYXDATA *)(CYREG_CPUSS_FLASH_CTL), (0x0012u));
 219:Generated_Source\PSoC4/cyfitter_cfg.c **** 	/* Setup and trim IMO based on desired frequency. */
 220:Generated_Source\PSoC4/cyfitter_cfg.c **** 	CySysClkWriteImoFreq(48u);
 221:Generated_Source\PSoC4/cyfitter_cfg.c **** 	/* CYDEV_CLK_ILO_CONFIG Starting address: CYDEV_CLK_ILO_CONFIG */
 222:Generated_Source\PSoC4/cyfitter_cfg.c **** 	CY_SET_REG32((void *)(CYREG_CLK_ILO_CONFIG), 0x80000006u);
 223:Generated_Source\PSoC4/cyfitter_cfg.c **** 
 224:Generated_Source\PSoC4/cyfitter_cfg.c **** 
 225:Generated_Source\PSoC4/cyfitter_cfg.c **** 	/* Setup phase aligned clocks */
 226:Generated_Source\PSoC4/cyfitter_cfg.c **** 	CY_SET_REG32((void *)CYREG_PERI_DIV_16_CTL0, 0x00002F00u);
 227:Generated_Source\PSoC4/cyfitter_cfg.c **** 	CY_SET_REG32((void *)CYREG_PERI_DIV_CMD, 0x8000FF40u);
 228:Generated_Source\PSoC4/cyfitter_cfg.c **** 
 229:Generated_Source\PSoC4/cyfitter_cfg.c **** 	/* CYDEV_CLK_IMO_CONFIG Starting address: CYDEV_CLK_IMO_CONFIG */
 230:Generated_Source\PSoC4/cyfitter_cfg.c **** 	CY_SET_REG32((void *)(CYREG_CLK_IMO_CONFIG), 0x80000000u);
 231:Generated_Source\PSoC4/cyfitter_cfg.c **** 
 232:Generated_Source\PSoC4/cyfitter_cfg.c **** 	/* CYDEV_CLK_SELECT Starting address: CYDEV_CLK_SELECT */
 233:Generated_Source\PSoC4/cyfitter_cfg.c **** 	CY_SET_REG32((void *)(CYREG_CLK_SELECT), 0x00040000u);
 234:Generated_Source\PSoC4/cyfitter_cfg.c **** 
 235:Generated_Source\PSoC4/cyfitter_cfg.c **** 	/* CYDEV_PERI_PCLK_CTL19 Starting address: CYDEV_PERI_PCLK_CTL19 */
 236:Generated_Source\PSoC4/cyfitter_cfg.c **** 	CY_SET_REG32((void *)(CYREG_PERI_PCLK_CTL19), 0x00000040u);
ARM GAS  C:\Users\HEITKE~1\AppData\Local\Temp\cc08MA2L.s 			page 7


 237:Generated_Source\PSoC4/cyfitter_cfg.c **** 
 238:Generated_Source\PSoC4/cyfitter_cfg.c **** 	(void)CyIntSetVector(7u, &CySysWdtIsr);
 239:Generated_Source\PSoC4/cyfitter_cfg.c **** 	CyIntEnable(7u);
 240:Generated_Source\PSoC4/cyfitter_cfg.c **** 	CY_SET_REG32((void *)(CYREG_WDT_CONFIG), 0x00000000u);
 241:Generated_Source\PSoC4/cyfitter_cfg.c **** }
 242:Generated_Source\PSoC4/cyfitter_cfg.c **** 
 243:Generated_Source\PSoC4/cyfitter_cfg.c **** 
 244:Generated_Source\PSoC4/cyfitter_cfg.c **** /* Analog API Functions */
 245:Generated_Source\PSoC4/cyfitter_cfg.c **** 
 246:Generated_Source\PSoC4/cyfitter_cfg.c **** 
 247:Generated_Source\PSoC4/cyfitter_cfg.c **** /*******************************************************************************
 248:Generated_Source\PSoC4/cyfitter_cfg.c **** * Function Name: AnalogSetDefault
 249:Generated_Source\PSoC4/cyfitter_cfg.c **** ********************************************************************************
 250:Generated_Source\PSoC4/cyfitter_cfg.c **** *
 251:Generated_Source\PSoC4/cyfitter_cfg.c **** * Summary:
 252:Generated_Source\PSoC4/cyfitter_cfg.c **** *  Sets up the analog portions of the chip to default values based on chip
 253:Generated_Source\PSoC4/cyfitter_cfg.c **** *  configuration options from the project.
 254:Generated_Source\PSoC4/cyfitter_cfg.c **** *
 255:Generated_Source\PSoC4/cyfitter_cfg.c **** * Parameters:
 256:Generated_Source\PSoC4/cyfitter_cfg.c **** *  void
 257:Generated_Source\PSoC4/cyfitter_cfg.c **** *
 258:Generated_Source\PSoC4/cyfitter_cfg.c **** * Return:
 259:Generated_Source\PSoC4/cyfitter_cfg.c **** *  void
 260:Generated_Source\PSoC4/cyfitter_cfg.c **** *
 261:Generated_Source\PSoC4/cyfitter_cfg.c **** *******************************************************************************/
 262:Generated_Source\PSoC4/cyfitter_cfg.c **** static void AnalogSetDefault(void);
 263:Generated_Source\PSoC4/cyfitter_cfg.c **** static void AnalogSetDefault(void)
 264:Generated_Source\PSoC4/cyfitter_cfg.c **** {
 104              		.loc 1 264 0
 105              		.cfi_startproc
 106              		@ args = 0, pretend = 0, frame = 0
 107              		@ frame_needed = 0, uses_anonymous_args = 0
 108              		@ link register save eliminated.
 265:Generated_Source\PSoC4/cyfitter_cfg.c **** 	CY_SET_XTND_REG32((void CYFAR *)CYREG_CTBM0_DFT_CTRL, 0x00000003u);
 109              		.loc 1 265 0
 110 0000 0323     		movs	r3, #3
 111 0002 044A     		ldr	r2, .L7
 112 0004 1360     		str	r3, [r2]
 266:Generated_Source\PSoC4/cyfitter_cfg.c **** 	CY_SET_XTND_REG32((void CYFAR *)CYREG_CTBM1_DFT_CTRL, 0x00000003u);
 113              		.loc 1 266 0
 114 0006 044A     		ldr	r2, .L7+4
 115 0008 1360     		str	r3, [r2]
 267:Generated_Source\PSoC4/cyfitter_cfg.c **** 	CY_SET_XTND_REG32((void CYFAR *)CYREG_PASS_DSAB_DSAB_CTRL, 0x00000000u);
 116              		.loc 1 267 0
 117 000a 0022     		movs	r2, #0
 118 000c 034B     		ldr	r3, .L7+8
 119 000e 1A60     		str	r2, [r3]
 268:Generated_Source\PSoC4/cyfitter_cfg.c **** }
 120              		.loc 1 268 0
 121              		@ sp needed
 122 0010 7047     		bx	lr
 123              	.L8:
 124 0012 C046     		.align	2
 125              	.L7:
 126 0014 30003040 		.word	1076887600
 127 0018 30003140 		.word	1076953136
 128 001c 000E3F40 		.word	1077874176
ARM GAS  C:\Users\HEITKE~1\AppData\Local\Temp\cc08MA2L.s 			page 8


 129              		.cfi_endproc
 130              	.LFE6:
 131              		.size	AnalogSetDefault, .-AnalogSetDefault
 132              		.section	.text.CYMEMZERO,"ax",%progbits
 133              		.align	2
 134              		.code	16
 135              		.thumb_func
 136              		.type	CYMEMZERO, %function
 137              	CYMEMZERO:
 138              	.LFB1:
  77:Generated_Source\PSoC4/cyfitter_cfg.c **** 	(void)memset(s, 0, n);
 139              		.loc 1 77 0
 140              		.cfi_startproc
 141              		@ args = 0, pretend = 0, frame = 0
 142              		@ frame_needed = 0, uses_anonymous_args = 0
 143              	.LVL12:
 144 0000 10B5     		push	{r4, lr}
 145              		.cfi_def_cfa_offset 8
 146              		.cfi_offset 4, -8
 147              		.cfi_offset 14, -4
 148 0002 0A00     		movs	r2, r1
  78:Generated_Source\PSoC4/cyfitter_cfg.c **** }
 149              		.loc 1 78 0
 150 0004 0021     		movs	r1, #0
 151              	.LVL13:
 152 0006 FFF7FEFF 		bl	memset
 153              	.LVL14:
  79:Generated_Source\PSoC4/cyfitter_cfg.c **** CY_CFG_UNUSED
 154              		.loc 1 79 0
 155              		@ sp needed
 156 000a 10BD     		pop	{r4, pc}
 157              		.cfi_endproc
 158              	.LFE1:
 159              		.size	CYMEMZERO, .-CYMEMZERO
 160              		.section	.psocinit,"ax",%progbits
 161              		.align	2
 162              		.code	16
 163              		.thumb_func
 164              		.type	ClockSetup, %function
 165              	ClockSetup:
 166              	.LFB5:
 215:Generated_Source\PSoC4/cyfitter_cfg.c **** 
 167              		.loc 1 215 0
 168              		.cfi_startproc
 169              		@ args = 0, pretend = 0, frame = 0
 170              		@ frame_needed = 0, uses_anonymous_args = 0
 171 0000 10B5     		push	{r4, lr}
 172              		.cfi_def_cfa_offset 8
 173              		.cfi_offset 4, -8
 174              		.cfi_offset 14, -4
 218:Generated_Source\PSoC4/cyfitter_cfg.c **** 	/* Setup and trim IMO based on desired frequency. */
 175              		.loc 1 218 0
 176 0002 1222     		movs	r2, #18
 177 0004 124B     		ldr	r3, .L11
 178 0006 1A60     		str	r2, [r3]
 220:Generated_Source\PSoC4/cyfitter_cfg.c **** 	/* CYDEV_CLK_ILO_CONFIG Starting address: CYDEV_CLK_ILO_CONFIG */
 179              		.loc 1 220 0
ARM GAS  C:\Users\HEITKE~1\AppData\Local\Temp\cc08MA2L.s 			page 9


 180 0008 3020     		movs	r0, #48
 181 000a FFF7FEFF 		bl	CySysClkWriteImoFreq
 182              	.LVL15:
 222:Generated_Source\PSoC4/cyfitter_cfg.c **** 
 183              		.loc 1 222 0
 184 000e 114A     		ldr	r2, .L11+4
 185 0010 114B     		ldr	r3, .L11+8
 186 0012 1A60     		str	r2, [r3]
 226:Generated_Source\PSoC4/cyfitter_cfg.c **** 	CY_SET_REG32((void *)CYREG_PERI_DIV_CMD, 0x8000FF40u);
 187              		.loc 1 226 0
 188 0014 BC22     		movs	r2, #188
 189 0016 9201     		lsls	r2, r2, #6
 190 0018 104B     		ldr	r3, .L11+12
 191 001a 1A60     		str	r2, [r3]
 227:Generated_Source\PSoC4/cyfitter_cfg.c **** 
 192              		.loc 1 227 0
 193 001c 104A     		ldr	r2, .L11+16
 194 001e 114B     		ldr	r3, .L11+20
 195 0020 1A60     		str	r2, [r3]
 230:Generated_Source\PSoC4/cyfitter_cfg.c **** 
 196              		.loc 1 230 0
 197 0022 8022     		movs	r2, #128
 198 0024 1206     		lsls	r2, r2, #24
 199 0026 104B     		ldr	r3, .L11+24
 200 0028 1A60     		str	r2, [r3]
 233:Generated_Source\PSoC4/cyfitter_cfg.c **** 
 201              		.loc 1 233 0
 202 002a 8022     		movs	r2, #128
 203 002c D202     		lsls	r2, r2, #11
 204 002e 0F4B     		ldr	r3, .L11+28
 205 0030 1A60     		str	r2, [r3]
 236:Generated_Source\PSoC4/cyfitter_cfg.c **** 
 206              		.loc 1 236 0
 207 0032 4022     		movs	r2, #64
 208 0034 0E4B     		ldr	r3, .L11+32
 209 0036 1A60     		str	r2, [r3]
 238:Generated_Source\PSoC4/cyfitter_cfg.c **** 	CyIntEnable(7u);
 210              		.loc 1 238 0
 211 0038 0E49     		ldr	r1, .L11+36
 212 003a 0720     		movs	r0, #7
 213 003c FFF7FEFF 		bl	CyIntSetVector
 214              	.LVL16:
 239:Generated_Source\PSoC4/cyfitter_cfg.c **** 	CY_SET_REG32((void *)(CYREG_WDT_CONFIG), 0x00000000u);
 215              		.loc 1 239 0
 216 0040 0720     		movs	r0, #7
 217 0042 FFF7FEFF 		bl	CyIntEnable
 218              	.LVL17:
 240:Generated_Source\PSoC4/cyfitter_cfg.c **** }
 219              		.loc 1 240 0
 220 0046 0022     		movs	r2, #0
 221 0048 0B4B     		ldr	r3, .L11+40
 222 004a 1A60     		str	r2, [r3]
 241:Generated_Source\PSoC4/cyfitter_cfg.c **** 
 223              		.loc 1 241 0
 224              		@ sp needed
 225 004c 10BD     		pop	{r4, pc}
 226              	.L12:
ARM GAS  C:\Users\HEITKE~1\AppData\Local\Temp\cc08MA2L.s 			page 10


 227 004e C046     		.align	2
 228              	.L11:
 229 0050 30001040 		.word	1074790448
 230 0054 06000080 		.word	-2147483642
 231 0058 04010B40 		.word	1074462980
 232 005c 00030140 		.word	1073808128
 233 0060 40FF0080 		.word	-2147418304
 234 0064 00000140 		.word	1073807360
 235 0068 08010B40 		.word	1074462984
 236 006c 00010B40 		.word	1074462976
 237 0070 4C010140 		.word	1073807692
 238 0074 00000000 		.word	CySysWdtIsr
 239 0078 0C020B40 		.word	1074463244
 240              		.cfi_endproc
 241              	.LFE5:
 242              		.size	ClockSetup, .-ClockSetup
 243              		.align	2
 244              		.global	cyfitter_cfg
 245              		.code	16
 246              		.thumb_func
 247              		.type	cyfitter_cfg, %function
 248              	cyfitter_cfg:
 249              	.LFB7:
 269:Generated_Source\PSoC4/cyfitter_cfg.c **** 
 270:Generated_Source\PSoC4/cyfitter_cfg.c **** 
 271:Generated_Source\PSoC4/cyfitter_cfg.c **** 
 272:Generated_Source\PSoC4/cyfitter_cfg.c **** 
 273:Generated_Source\PSoC4/cyfitter_cfg.c **** /*******************************************************************************
 274:Generated_Source\PSoC4/cyfitter_cfg.c **** * Function Name: cyfitter_cfg
 275:Generated_Source\PSoC4/cyfitter_cfg.c **** ********************************************************************************
 276:Generated_Source\PSoC4/cyfitter_cfg.c **** * Summary:
 277:Generated_Source\PSoC4/cyfitter_cfg.c **** *  This function is called by the start-up code for the selected device. It
 278:Generated_Source\PSoC4/cyfitter_cfg.c **** *  performs all of the necessary device configuration based on the design
 279:Generated_Source\PSoC4/cyfitter_cfg.c **** *  settings.  This includes settings from the Design Wide Resources (DWR) such
 280:Generated_Source\PSoC4/cyfitter_cfg.c **** *  as Clocks and Pins as well as any component configuration that is necessary.
 281:Generated_Source\PSoC4/cyfitter_cfg.c **** *
 282:Generated_Source\PSoC4/cyfitter_cfg.c **** * Parameters:
 283:Generated_Source\PSoC4/cyfitter_cfg.c **** *   void
 284:Generated_Source\PSoC4/cyfitter_cfg.c **** *
 285:Generated_Source\PSoC4/cyfitter_cfg.c **** * Return:
 286:Generated_Source\PSoC4/cyfitter_cfg.c **** *   void
 287:Generated_Source\PSoC4/cyfitter_cfg.c **** *
 288:Generated_Source\PSoC4/cyfitter_cfg.c **** *******************************************************************************/
 289:Generated_Source\PSoC4/cyfitter_cfg.c **** CY_CFG_SECTION
 290:Generated_Source\PSoC4/cyfitter_cfg.c **** void cyfitter_cfg(void)
 291:Generated_Source\PSoC4/cyfitter_cfg.c **** {
 250              		.loc 1 291 0
 251              		.cfi_startproc
 252              		@ args = 0, pretend = 0, frame = 0
 253              		@ frame_needed = 0, uses_anonymous_args = 0
 254 007c 10B5     		push	{r4, lr}
 255              		.cfi_def_cfa_offset 8
 256              		.cfi_offset 4, -8
 257              		.cfi_offset 14, -4
 292:Generated_Source\PSoC4/cyfitter_cfg.c **** 	/* Disable interrupts by default. Let user enable if/when they want. */
 293:Generated_Source\PSoC4/cyfitter_cfg.c **** 	CyGlobalIntDisable;
 258              		.loc 1 293 0
ARM GAS  C:\Users\HEITKE~1\AppData\Local\Temp\cc08MA2L.s 			page 11


 259              		.syntax divided
 260              	@ 293 "Generated_Source\PSoC4\cyfitter_cfg.c" 1
 261 007e 72B6     		CPSID   i
 262              	@ 0 "" 2
 263              	.LVL18:
 264              		.thumb
 265              		.syntax unified
 266              	.LBB3:
 294:Generated_Source\PSoC4/cyfitter_cfg.c **** 
 295:Generated_Source\PSoC4/cyfitter_cfg.c **** 	{
 296:Generated_Source\PSoC4/cyfitter_cfg.c **** 		static const uint32 CYCODE cy_cfg_addr_table[] = {
 297:Generated_Source\PSoC4/cyfitter_cfg.c **** 			0x400F300Fu, /* Base address: 0x400F3000 Count: 15 */
 298:Generated_Source\PSoC4/cyfitter_cfg.c **** 			0x400F310Du, /* Base address: 0x400F3100 Count: 13 */
 299:Generated_Source\PSoC4/cyfitter_cfg.c **** 			0x400F3302u, /* Base address: 0x400F3300 Count: 2 */
 300:Generated_Source\PSoC4/cyfitter_cfg.c **** 			0x400F4004u, /* Base address: 0x400F4000 Count: 4 */
 301:Generated_Source\PSoC4/cyfitter_cfg.c **** 			0x400F4102u, /* Base address: 0x400F4100 Count: 2 */
 302:Generated_Source\PSoC4/cyfitter_cfg.c **** 			0x400F4202u, /* Base address: 0x400F4200 Count: 2 */
 303:Generated_Source\PSoC4/cyfitter_cfg.c **** 			0x400F4302u, /* Base address: 0x400F4300 Count: 2 */
 304:Generated_Source\PSoC4/cyfitter_cfg.c **** 			0x400F6002u, /* Base address: 0x400F6000 Count: 2 */
 305:Generated_Source\PSoC4/cyfitter_cfg.c **** 		};
 306:Generated_Source\PSoC4/cyfitter_cfg.c **** 
 307:Generated_Source\PSoC4/cyfitter_cfg.c **** 		static const cy_cfg_addrvalue_t CYCODE cy_cfg_data_table[] = {
 308:Generated_Source\PSoC4/cyfitter_cfg.c **** 			{0x82u, 0x01u},
 309:Generated_Source\PSoC4/cyfitter_cfg.c **** 			{0x92u, 0x03u},
 310:Generated_Source\PSoC4/cyfitter_cfg.c **** 			{0x94u, 0x03u},
 311:Generated_Source\PSoC4/cyfitter_cfg.c **** 			{0x9Bu, 0x03u},
 312:Generated_Source\PSoC4/cyfitter_cfg.c **** 			{0x9Du, 0x01u},
 313:Generated_Source\PSoC4/cyfitter_cfg.c **** 			{0xB0u, 0x01u},
 314:Generated_Source\PSoC4/cyfitter_cfg.c **** 			{0xB1u, 0x02u},
 315:Generated_Source\PSoC4/cyfitter_cfg.c **** 			{0xB2u, 0x02u},
 316:Generated_Source\PSoC4/cyfitter_cfg.c **** 			{0xB5u, 0x01u},
 317:Generated_Source\PSoC4/cyfitter_cfg.c **** 			{0xB9u, 0x28u},
 318:Generated_Source\PSoC4/cyfitter_cfg.c **** 			{0xBAu, 0x03u},
 319:Generated_Source\PSoC4/cyfitter_cfg.c **** 			{0xBBu, 0x02u},
 320:Generated_Source\PSoC4/cyfitter_cfg.c **** 			{0xD8u, 0x0Au},
 321:Generated_Source\PSoC4/cyfitter_cfg.c **** 			{0xD9u, 0x04u},
 322:Generated_Source\PSoC4/cyfitter_cfg.c **** 			{0xDFu, 0x01u},
 323:Generated_Source\PSoC4/cyfitter_cfg.c **** 			{0x05u, 0x02u},
 324:Generated_Source\PSoC4/cyfitter_cfg.c **** 			{0x0Eu, 0xA0u},
 325:Generated_Source\PSoC4/cyfitter_cfg.c **** 			{0x1Eu, 0xA0u},
 326:Generated_Source\PSoC4/cyfitter_cfg.c **** 			{0x26u, 0x20u},
 327:Generated_Source\PSoC4/cyfitter_cfg.c **** 			{0x27u, 0x60u},
 328:Generated_Source\PSoC4/cyfitter_cfg.c **** 			{0x37u, 0x60u},
 329:Generated_Source\PSoC4/cyfitter_cfg.c **** 			{0x7Eu, 0x20u},
 330:Generated_Source\PSoC4/cyfitter_cfg.c **** 			{0x8Au, 0x10u},
 331:Generated_Source\PSoC4/cyfitter_cfg.c **** 			{0xC0u, 0x10u},
 332:Generated_Source\PSoC4/cyfitter_cfg.c **** 			{0xC2u, 0x30u},
 333:Generated_Source\PSoC4/cyfitter_cfg.c **** 			{0xCCu, 0x30u},
 334:Generated_Source\PSoC4/cyfitter_cfg.c **** 			{0xDEu, 0x40u},
 335:Generated_Source\PSoC4/cyfitter_cfg.c **** 			{0xE2u, 0x80u},
 336:Generated_Source\PSoC4/cyfitter_cfg.c **** 			{0xAEu, 0x40u},
 337:Generated_Source\PSoC4/cyfitter_cfg.c **** 			{0xB5u, 0x02u},
 338:Generated_Source\PSoC4/cyfitter_cfg.c **** 			{0x5Au, 0x02u},
 339:Generated_Source\PSoC4/cyfitter_cfg.c **** 			{0x5Du, 0x10u},
 340:Generated_Source\PSoC4/cyfitter_cfg.c **** 			{0x89u, 0x10u},
 341:Generated_Source\PSoC4/cyfitter_cfg.c **** 			{0xD6u, 0x60u},
 342:Generated_Source\PSoC4/cyfitter_cfg.c **** 			{0xAEu, 0x01u},
ARM GAS  C:\Users\HEITKE~1\AppData\Local\Temp\cc08MA2L.s 			page 12


 343:Generated_Source\PSoC4/cyfitter_cfg.c **** 			{0xEEu, 0x40u},
 344:Generated_Source\PSoC4/cyfitter_cfg.c **** 			{0x01u, 0x08u},
 345:Generated_Source\PSoC4/cyfitter_cfg.c **** 			{0xC0u, 0x08u},
 346:Generated_Source\PSoC4/cyfitter_cfg.c **** 			{0xB5u, 0x08u},
 347:Generated_Source\PSoC4/cyfitter_cfg.c **** 			{0xEAu, 0x02u},
 348:Generated_Source\PSoC4/cyfitter_cfg.c **** 			{0x01u, 0x01u},
 349:Generated_Source\PSoC4/cyfitter_cfg.c **** 			{0x10u, 0x01u},
 350:Generated_Source\PSoC4/cyfitter_cfg.c **** 		};
 351:Generated_Source\PSoC4/cyfitter_cfg.c **** 
 352:Generated_Source\PSoC4/cyfitter_cfg.c **** 
 353:Generated_Source\PSoC4/cyfitter_cfg.c **** 
 354:Generated_Source\PSoC4/cyfitter_cfg.c **** 		CYPACKED typedef struct {
 355:Generated_Source\PSoC4/cyfitter_cfg.c **** 			void CYFAR *address;
 356:Generated_Source\PSoC4/cyfitter_cfg.c **** 			uint16 size;
 357:Generated_Source\PSoC4/cyfitter_cfg.c **** 		} CYPACKED_ATTR cfg_memset_t;
 358:Generated_Source\PSoC4/cyfitter_cfg.c **** 
 359:Generated_Source\PSoC4/cyfitter_cfg.c **** 		static const cfg_memset_t CYCODE cfg_memset_list[] = {
 360:Generated_Source\PSoC4/cyfitter_cfg.c **** 			/* address, size */
 361:Generated_Source\PSoC4/cyfitter_cfg.c **** 			{(void CYFAR *)(CYDEV_UDB_P0_U0_BASE), 1024u},
 362:Generated_Source\PSoC4/cyfitter_cfg.c **** 			{(void CYFAR *)(CYDEV_UDB_DSI0_BASE), 1024u},
 363:Generated_Source\PSoC4/cyfitter_cfg.c **** 		};
 364:Generated_Source\PSoC4/cyfitter_cfg.c **** 
 365:Generated_Source\PSoC4/cyfitter_cfg.c **** 		uint8 CYDATA i;
 366:Generated_Source\PSoC4/cyfitter_cfg.c **** 
 367:Generated_Source\PSoC4/cyfitter_cfg.c **** 		/* Zero out critical memory blocks before beginning configuration */
 368:Generated_Source\PSoC4/cyfitter_cfg.c **** 		for (i = 0u; i < (sizeof(cfg_memset_list)/sizeof(cfg_memset_list[0])); i++)
 267              		.loc 1 368 0
 268 0080 0024     		movs	r4, #0
 269 0082 0FE0     		b	.L14
 270              	.LVL19:
 271              	.L15:
 272              	.LBB4:
 369:Generated_Source\PSoC4/cyfitter_cfg.c **** 		{
 370:Generated_Source\PSoC4/cyfitter_cfg.c **** 			const cfg_memset_t CYCODE * CYDATA ms = &cfg_memset_list[i];
 371:Generated_Source\PSoC4/cyfitter_cfg.c **** 			CYMEMZERO(ms->address, (size_t)(uint32)(ms->size));
 273              		.loc 1 371 0 discriminator 3
 274 0084 2448     		ldr	r0, .L16
 275 0086 6200     		lsls	r2, r4, #1
 276 0088 1319     		adds	r3, r2, r4
 277 008a 5900     		lsls	r1, r3, #1
 278 008c 0B00     		movs	r3, r1
 279 008e 4118     		adds	r1, r0, r1
 280 0090 8988     		ldrh	r1, [r1, #4]
 281 0092 1A5A     		ldrh	r2, [r3, r0]
 282 0094 C318     		adds	r3, r0, r3
 283 0096 5888     		ldrh	r0, [r3, #2]
 284 0098 0004     		lsls	r0, r0, #16
 285 009a 1043     		orrs	r0, r2
 286 009c FFF7FEFF 		bl	CYMEMZERO
 287              	.LVL20:
 288              	.LBE4:
 368:Generated_Source\PSoC4/cyfitter_cfg.c **** 		{
 289              		.loc 1 368 0 discriminator 3
 290 00a0 0134     		adds	r4, r4, #1
 291              	.LVL21:
 292 00a2 E4B2     		uxtb	r4, r4
 293              	.LVL22:
ARM GAS  C:\Users\HEITKE~1\AppData\Local\Temp\cc08MA2L.s 			page 13


 294              	.L14:
 368:Generated_Source\PSoC4/cyfitter_cfg.c **** 		{
 295              		.loc 1 368 0 is_stmt 0 discriminator 1
 296 00a4 012C     		cmp	r4, #1
 297 00a6 EDD9     		bls	.L15
 372:Generated_Source\PSoC4/cyfitter_cfg.c **** 		}
 373:Generated_Source\PSoC4/cyfitter_cfg.c **** 
 374:Generated_Source\PSoC4/cyfitter_cfg.c **** 		cfg_write_bytes32(cy_cfg_addr_table, cy_cfg_data_table);
 298              		.loc 1 374 0 is_stmt 1
 299 00a8 1B48     		ldr	r0, .L16
 300 00aa 0100     		movs	r1, r0
 301 00ac 0C31     		adds	r1, r1, #12
 302 00ae 6030     		adds	r0, r0, #96
 303 00b0 FFF7FEFF 		bl	cfg_write_bytes32
 304              	.LVL23:
 375:Generated_Source\PSoC4/cyfitter_cfg.c **** 
 376:Generated_Source\PSoC4/cyfitter_cfg.c **** 		/* HSIOM Starting address: CYDEV_HSIOM_BASE */
 377:Generated_Source\PSoC4/cyfitter_cfg.c **** 		CY_SET_REG32((void *)(CYDEV_HSIOM_BASE), 0x30000030u);
 305              		.loc 1 377 0
 306 00b4 194A     		ldr	r2, .L16+4
 307 00b6 1A4B     		ldr	r3, .L16+8
 308 00b8 1A60     		str	r2, [r3]
 378:Generated_Source\PSoC4/cyfitter_cfg.c **** 		CY_SET_REG32((void *)(CYREG_HSIOM_PORT_SEL3), 0x0000EE00u);
 309              		.loc 1 378 0
 310 00ba EE22     		movs	r2, #238
 311 00bc 1202     		lsls	r2, r2, #8
 312 00be 194B     		ldr	r3, .L16+12
 313 00c0 1A60     		str	r2, [r3]
 379:Generated_Source\PSoC4/cyfitter_cfg.c **** 
 380:Generated_Source\PSoC4/cyfitter_cfg.c **** 		/* UDB_PA_0 Starting address: CYDEV_UDB_PA0_BASE */
 381:Generated_Source\PSoC4/cyfitter_cfg.c **** 		CY_SET_REG32((void *)(CYDEV_UDB_PA0_BASE), 0x00990000u);
 314              		.loc 1 381 0
 315 00c2 9923     		movs	r3, #153
 316 00c4 1B04     		lsls	r3, r3, #16
 317 00c6 184A     		ldr	r2, .L16+16
 318 00c8 1360     		str	r3, [r2]
 382:Generated_Source\PSoC4/cyfitter_cfg.c **** 		CY_SET_REG32((void *)(CYREG_UDB_PA0_CFG8), 0x150C0000u);
 319              		.loc 1 382 0
 320 00ca 1849     		ldr	r1, .L16+20
 321 00cc 184A     		ldr	r2, .L16+24
 322 00ce 1160     		str	r1, [r2]
 383:Generated_Source\PSoC4/cyfitter_cfg.c **** 
 384:Generated_Source\PSoC4/cyfitter_cfg.c **** 		/* UDB_PA_2 Starting address: CYDEV_UDB_PA2_BASE */
 385:Generated_Source\PSoC4/cyfitter_cfg.c **** 		CY_SET_REG32((void *)(CYDEV_UDB_PA2_BASE), 0x00990000u);
 323              		.loc 1 385 0
 324 00d0 184A     		ldr	r2, .L16+28
 325 00d2 1360     		str	r3, [r2]
 386:Generated_Source\PSoC4/cyfitter_cfg.c **** 
 387:Generated_Source\PSoC4/cyfitter_cfg.c **** 		/* UDB_PA_3 Starting address: CYDEV_UDB_PA3_BASE */
 388:Generated_Source\PSoC4/cyfitter_cfg.c **** 		CY_SET_REG32((void *)(CYDEV_UDB_PA3_BASE), 0x00990000u);
 326              		.loc 1 388 0
 327 00d4 184A     		ldr	r2, .L16+32
 328 00d6 1360     		str	r3, [r2]
 389:Generated_Source\PSoC4/cyfitter_cfg.c **** 
 390:Generated_Source\PSoC4/cyfitter_cfg.c **** 		/* Enable UDB array and digital routing */
 391:Generated_Source\PSoC4/cyfitter_cfg.c **** 		CY_SET_XTND_REG8((void *)CYREG_UDB_UDBIF_WAIT_CFG, (uint8)((CY_GET_XTND_REG8((void *)CYREG_UDB_UD
 329              		.loc 1 391 0
ARM GAS  C:\Users\HEITKE~1\AppData\Local\Temp\cc08MA2L.s 			page 14


 330 00d8 1849     		ldr	r1, .L16+36
 331 00da 0B78     		ldrb	r3, [r1]
 332 00dc 3C22     		movs	r2, #60
 333 00de 9343     		bics	r3, r2
 334 00e0 1422     		movs	r2, #20
 335 00e2 1343     		orrs	r3, r2
 336 00e4 DBB2     		uxtb	r3, r3
 337 00e6 0B70     		strb	r3, [r1]
 392:Generated_Source\PSoC4/cyfitter_cfg.c **** 		CY_SET_XTND_REG8((void *)CYREG_UDB_UDBIF_BANK_CTL, (uint8)(CY_GET_XTND_REG8((void *)CYREG_UDB_UDB
 338              		.loc 1 392 0
 339 00e8 154A     		ldr	r2, .L16+40
 340 00ea 1178     		ldrb	r1, [r2]
 341 00ec 1623     		movs	r3, #22
 342 00ee 0B43     		orrs	r3, r1
 343 00f0 DBB2     		uxtb	r3, r3
 344 00f2 1370     		strb	r3, [r2]
 345              	.LBE3:
 393:Generated_Source\PSoC4/cyfitter_cfg.c **** 	}
 394:Generated_Source\PSoC4/cyfitter_cfg.c **** 
 395:Generated_Source\PSoC4/cyfitter_cfg.c **** 	/* Perform second pass device configuration. These items must be configured in specific order afte
 396:Generated_Source\PSoC4/cyfitter_cfg.c **** 	/* IOPINS0_0 Starting address: CYDEV_GPIO_PRT0_BASE */
 397:Generated_Source\PSoC4/cyfitter_cfg.c **** 	CY_SET_REG32((void *)(CYDEV_GPIO_PRT0_BASE), 0x00000082u);
 346              		.loc 1 397 0
 347 00f4 8222     		movs	r2, #130
 348 00f6 134B     		ldr	r3, .L16+44
 349 00f8 1A60     		str	r2, [r3]
 398:Generated_Source\PSoC4/cyfitter_cfg.c **** 	CY_SET_REG32((void *)(CYREG_GPIO_PRT0_PC), 0x00C00030u);
 350              		.loc 1 398 0
 351 00fa 134A     		ldr	r2, .L16+48
 352 00fc 134B     		ldr	r3, .L16+52
 353 00fe 1A60     		str	r2, [r3]
 399:Generated_Source\PSoC4/cyfitter_cfg.c **** 
 400:Generated_Source\PSoC4/cyfitter_cfg.c **** 	/* IOPINS0_2 Starting address: CYDEV_GPIO_PRT2_BASE */
 401:Generated_Source\PSoC4/cyfitter_cfg.c **** 	CY_SET_REG32((void *)(CYREG_GPIO_PRT2_PC), 0x00000001u);
 354              		.loc 1 401 0
 355 0100 0122     		movs	r2, #1
 356 0102 134B     		ldr	r3, .L16+56
 357 0104 1A60     		str	r2, [r3]
 402:Generated_Source\PSoC4/cyfitter_cfg.c **** 
 403:Generated_Source\PSoC4/cyfitter_cfg.c **** 	/* IOPINS0_3 Starting address: CYDEV_GPIO_PRT3_BASE */
 404:Generated_Source\PSoC4/cyfitter_cfg.c **** 	CY_SET_REG32((void *)(CYREG_GPIO_PRT3_PC), 0x00000D80u);
 358              		.loc 1 404 0
 359 0106 D822     		movs	r2, #216
 360 0108 1201     		lsls	r2, r2, #4
 361 010a 124B     		ldr	r3, .L16+60
 362 010c 1A60     		str	r2, [r3]
 405:Generated_Source\PSoC4/cyfitter_cfg.c **** 
 406:Generated_Source\PSoC4/cyfitter_cfg.c **** 
 407:Generated_Source\PSoC4/cyfitter_cfg.c **** 	/* Setup clocks based on selections from Clock DWR */
 408:Generated_Source\PSoC4/cyfitter_cfg.c **** 	ClockSetup();
 363              		.loc 1 408 0
 364 010e FFF777FF 		bl	ClockSetup
 365              	.LVL24:
 409:Generated_Source\PSoC4/cyfitter_cfg.c **** 
 410:Generated_Source\PSoC4/cyfitter_cfg.c **** 	/* Perform basic analog initialization to defaults */
 411:Generated_Source\PSoC4/cyfitter_cfg.c **** 	AnalogSetDefault();
 366              		.loc 1 411 0
ARM GAS  C:\Users\HEITKE~1\AppData\Local\Temp\cc08MA2L.s 			page 15


 367 0112 FFF7FEFF 		bl	AnalogSetDefault
 368              	.LVL25:
 412:Generated_Source\PSoC4/cyfitter_cfg.c **** 
 413:Generated_Source\PSoC4/cyfitter_cfg.c **** }
 369              		.loc 1 413 0
 370              		@ sp needed
 371              	.LVL26:
 372 0116 10BD     		pop	{r4, pc}
 373              	.L17:
 374              		.align	2
 375              	.L16:
 376 0118 00000000 		.word	.LANCHOR0
 377 011c 30000030 		.word	805306416
 378 0120 00000240 		.word	1073872896
 379 0124 00030240 		.word	1073873664
 380 0128 00500F40 		.word	1074745344
 381 012c 00000C15 		.word	353107968
 382 0130 08500F40 		.word	1074745352
 383 0134 20500F40 		.word	1074745376
 384 0138 30500F40 		.word	1074745392
 385 013c 01700F40 		.word	1074753537
 386 0140 00700F40 		.word	1074753536
 387 0144 00000440 		.word	1074003968
 388 0148 3000C000 		.word	12582960
 389 014c 08000440 		.word	1074003976
 390 0150 08020440 		.word	1074004488
 391 0154 08030440 		.word	1074004744
 392              		.cfi_endproc
 393              	.LFE7:
 394              		.size	cyfitter_cfg, .-cyfitter_cfg
 395              		.section	.rodata
 396              		.align	2
 397              		.set	.LANCHOR0,. + 0
 398              		.type	cfg_memset_list.4911, %object
 399              		.size	cfg_memset_list.4911, 12
 400              	cfg_memset_list.4911:
 401 0000 00300F40 		.word	1074737152
 402 0004 0004     		.short	1024
 403 0006 00400F40 		.4byte	1074741248
 404 000a 0004     		.short	1024
 405              		.type	cy_cfg_data_table.4906, %object
 406              		.size	cy_cfg_data_table.4906, 84
 407              	cy_cfg_data_table.4906:
 408 000c 82       		.byte	-126
 409 000d 01       		.byte	1
 410 000e 92       		.byte	-110
 411 000f 03       		.byte	3
 412 0010 94       		.byte	-108
 413 0011 03       		.byte	3
 414 0012 9B       		.byte	-101
 415 0013 03       		.byte	3
 416 0014 9D       		.byte	-99
 417 0015 01       		.byte	1
 418 0016 B0       		.byte	-80
 419 0017 01       		.byte	1
 420 0018 B1       		.byte	-79
 421 0019 02       		.byte	2
ARM GAS  C:\Users\HEITKE~1\AppData\Local\Temp\cc08MA2L.s 			page 16


 422 001a B2       		.byte	-78
 423 001b 02       		.byte	2
 424 001c B5       		.byte	-75
 425 001d 01       		.byte	1
 426 001e B9       		.byte	-71
 427 001f 28       		.byte	40
 428 0020 BA       		.byte	-70
 429 0021 03       		.byte	3
 430 0022 BB       		.byte	-69
 431 0023 02       		.byte	2
 432 0024 D8       		.byte	-40
 433 0025 0A       		.byte	10
 434 0026 D9       		.byte	-39
 435 0027 04       		.byte	4
 436 0028 DF       		.byte	-33
 437 0029 01       		.byte	1
 438 002a 05       		.byte	5
 439 002b 02       		.byte	2
 440 002c 0E       		.byte	14
 441 002d A0       		.byte	-96
 442 002e 1E       		.byte	30
 443 002f A0       		.byte	-96
 444 0030 26       		.byte	38
 445 0031 20       		.byte	32
 446 0032 27       		.byte	39
 447 0033 60       		.byte	96
 448 0034 37       		.byte	55
 449 0035 60       		.byte	96
 450 0036 7E       		.byte	126
 451 0037 20       		.byte	32
 452 0038 8A       		.byte	-118
 453 0039 10       		.byte	16
 454 003a C0       		.byte	-64
 455 003b 10       		.byte	16
 456 003c C2       		.byte	-62
 457 003d 30       		.byte	48
 458 003e CC       		.byte	-52
 459 003f 30       		.byte	48
 460 0040 DE       		.byte	-34
 461 0041 40       		.byte	64
 462 0042 E2       		.byte	-30
 463 0043 80       		.byte	-128
 464 0044 AE       		.byte	-82
 465 0045 40       		.byte	64
 466 0046 B5       		.byte	-75
 467 0047 02       		.byte	2
 468 0048 5A       		.byte	90
 469 0049 02       		.byte	2
 470 004a 5D       		.byte	93
 471 004b 10       		.byte	16
 472 004c 89       		.byte	-119
 473 004d 10       		.byte	16
 474 004e D6       		.byte	-42
 475 004f 60       		.byte	96
 476 0050 AE       		.byte	-82
 477 0051 01       		.byte	1
 478 0052 EE       		.byte	-18
ARM GAS  C:\Users\HEITKE~1\AppData\Local\Temp\cc08MA2L.s 			page 17


 479 0053 40       		.byte	64
 480 0054 01       		.byte	1
 481 0055 08       		.byte	8
 482 0056 C0       		.byte	-64
 483 0057 08       		.byte	8
 484 0058 B5       		.byte	-75
 485 0059 08       		.byte	8
 486 005a EA       		.byte	-22
 487 005b 02       		.byte	2
 488 005c 01       		.byte	1
 489 005d 01       		.byte	1
 490 005e 10       		.byte	16
 491 005f 01       		.byte	1
 492              		.type	cy_cfg_addr_table.4905, %object
 493              		.size	cy_cfg_addr_table.4905, 32
 494              	cy_cfg_addr_table.4905:
 495 0060 0F300F40 		.word	1074737167
 496 0064 0D310F40 		.word	1074737421
 497 0068 02330F40 		.word	1074737922
 498 006c 04400F40 		.word	1074741252
 499 0070 02410F40 		.word	1074741506
 500 0074 02420F40 		.word	1074741762
 501 0078 02430F40 		.word	1074742018
 502 007c 02600F40 		.word	1074749442
 503              		.text
 504              	.Letext0:
 505              		.file 2 "c:\\program files (x86)\\cypress\\psoc creator\\4.1\\psoc creator\\import\\gnu\\arm\\5.4.
 506              		.file 3 "Generated_Source\\PSoC4\\cytypes.h"
 507              		.file 4 "Generated_Source\\PSoC4\\CyLib.h"
 508              		.section	.debug_info,"",%progbits
 509              	.Ldebug_info0:
 510 0000 B8030000 		.4byte	0x3b8
 511 0004 0400     		.2byte	0x4
 512 0006 00000000 		.4byte	.Ldebug_abbrev0
 513 000a 04       		.byte	0x4
 514 000b 01       		.uleb128 0x1
 515 000c 89010000 		.4byte	.LASF39
 516 0010 0C       		.byte	0xc
 517 0011 B6020000 		.4byte	.LASF40
 518 0015 08010000 		.4byte	.LASF41
 519 0019 00000000 		.4byte	.Ldebug_ranges0+0
 520 001d 00000000 		.4byte	0
 521 0021 00000000 		.4byte	.Ldebug_line0
 522 0025 02       		.uleb128 0x2
 523 0026 04       		.byte	0x4
 524 0027 05       		.byte	0x5
 525 0028 696E7400 		.ascii	"int\000"
 526 002c 03       		.uleb128 0x3
 527 002d 06000000 		.4byte	.LASF12
 528 0031 02       		.byte	0x2
 529 0032 D8       		.byte	0xd8
 530 0033 37000000 		.4byte	0x37
 531 0037 04       		.uleb128 0x4
 532 0038 04       		.byte	0x4
 533 0039 07       		.byte	0x7
 534 003a 50010000 		.4byte	.LASF0
 535 003e 04       		.uleb128 0x4
ARM GAS  C:\Users\HEITKE~1\AppData\Local\Temp\cc08MA2L.s 			page 18


 536 003f 08       		.byte	0x8
 537 0040 05       		.byte	0x5
 538 0041 49020000 		.4byte	.LASF1
 539 0045 04       		.uleb128 0x4
 540 0046 08       		.byte	0x8
 541 0047 04       		.byte	0x4
 542 0048 9E020000 		.4byte	.LASF2
 543 004c 04       		.uleb128 0x4
 544 004d 01       		.byte	0x1
 545 004e 06       		.byte	0x6
 546 004f AA020000 		.4byte	.LASF3
 547 0053 04       		.uleb128 0x4
 548 0054 01       		.byte	0x1
 549 0055 08       		.byte	0x8
 550 0056 AA000000 		.4byte	.LASF4
 551 005a 04       		.uleb128 0x4
 552 005b 02       		.byte	0x2
 553 005c 05       		.byte	0x5
 554 005d 76020000 		.4byte	.LASF5
 555 0061 04       		.uleb128 0x4
 556 0062 02       		.byte	0x2
 557 0063 07       		.byte	0x7
 558 0064 36020000 		.4byte	.LASF6
 559 0068 04       		.uleb128 0x4
 560 0069 04       		.byte	0x4
 561 006a 05       		.byte	0x5
 562 006b 95020000 		.4byte	.LASF7
 563 006f 04       		.uleb128 0x4
 564 0070 04       		.byte	0x4
 565 0071 07       		.byte	0x7
 566 0072 88000000 		.4byte	.LASF8
 567 0076 04       		.uleb128 0x4
 568 0077 08       		.byte	0x8
 569 0078 07       		.byte	0x7
 570 0079 72010000 		.4byte	.LASF9
 571 007d 04       		.uleb128 0x4
 572 007e 04       		.byte	0x4
 573 007f 07       		.byte	0x7
 574 0080 2D020000 		.4byte	.LASF10
 575 0084 05       		.uleb128 0x5
 576 0085 04       		.byte	0x4
 577 0086 04       		.uleb128 0x4
 578 0087 01       		.byte	0x1
 579 0088 08       		.byte	0x8
 580 0089 57020000 		.4byte	.LASF11
 581 008d 06       		.uleb128 0x6
 582 008e 9A000000 		.4byte	.LASF13
 583 0092 03       		.byte	0x3
 584 0093 D201     		.2byte	0x1d2
 585 0095 53000000 		.4byte	0x53
 586 0099 06       		.uleb128 0x6
 587 009a EF000000 		.4byte	.LASF14
 588 009e 03       		.byte	0x3
 589 009f D301     		.2byte	0x1d3
 590 00a1 61000000 		.4byte	0x61
 591 00a5 06       		.uleb128 0x6
 592 00a6 01010000 		.4byte	.LASF15
ARM GAS  C:\Users\HEITKE~1\AppData\Local\Temp\cc08MA2L.s 			page 19


 593 00aa 03       		.byte	0x3
 594 00ab D401     		.2byte	0x1d4
 595 00ad 6F000000 		.4byte	0x6f
 596 00b1 04       		.uleb128 0x4
 597 00b2 04       		.byte	0x4
 598 00b3 04       		.byte	0x4
 599 00b4 68000000 		.4byte	.LASF16
 600 00b8 04       		.uleb128 0x4
 601 00b9 08       		.byte	0x8
 602 00ba 04       		.byte	0x4
 603 00bb BF000000 		.4byte	.LASF17
 604 00bf 06       		.uleb128 0x6
 605 00c0 83000000 		.4byte	.LASF18
 606 00c4 03       		.byte	0x3
 607 00c5 7C02     		.2byte	0x27c
 608 00c7 CB000000 		.4byte	0xcb
 609 00cb 07       		.uleb128 0x7
 610 00cc 8D000000 		.4byte	0x8d
 611 00d0 06       		.uleb128 0x6
 612 00d1 00000000 		.4byte	.LASF19
 613 00d5 03       		.byte	0x3
 614 00d6 7E02     		.2byte	0x27e
 615 00d8 DC000000 		.4byte	0xdc
 616 00dc 07       		.uleb128 0x7
 617 00dd A5000000 		.4byte	0xa5
 618 00e1 08       		.uleb128 0x8
 619 00e2 02       		.byte	0x2
 620 00e3 01       		.byte	0x1
 621 00e4 9A       		.byte	0x9a
 622 00e5 02010000 		.4byte	0x102
 623 00e9 09       		.uleb128 0x9
 624 00ea 6F020000 		.4byte	.LASF20
 625 00ee 01       		.byte	0x1
 626 00ef 9C       		.byte	0x9c
 627 00f0 8D000000 		.4byte	0x8d
 628 00f4 00       		.byte	0
 629 00f5 09       		.uleb128 0x9
 630 00f6 2D000000 		.4byte	.LASF21
 631 00fa 01       		.byte	0x1
 632 00fb 9D       		.byte	0x9d
 633 00fc 8D000000 		.4byte	0x8d
 634 0100 01       		.byte	0x1
 635 0101 00       		.byte	0
 636 0102 03       		.uleb128 0x3
 637 0103 5C020000 		.4byte	.LASF22
 638 0107 01       		.byte	0x1
 639 0108 9E       		.byte	0x9e
 640 0109 E1000000 		.4byte	0xe1
 641 010d 0A       		.uleb128 0xa
 642 010e C6000000 		.4byte	.LASF27
 643 0112 01       		.byte	0x1
 644 0113 B1       		.byte	0xb1
 645 0114 00000000 		.4byte	.LFB4
 646 0118 32000000 		.4byte	.LFE4-.LFB4
 647 011c 01       		.uleb128 0x1
 648 011d 9C       		.byte	0x9c
 649 011e 7F010000 		.4byte	0x17f
ARM GAS  C:\Users\HEITKE~1\AppData\Local\Temp\cc08MA2L.s 			page 20


 650 0122 0B       		.uleb128 0xb
 651 0123 E4000000 		.4byte	.LASF23
 652 0127 01       		.byte	0x1
 653 0128 B1       		.byte	0xb1
 654 0129 7F010000 		.4byte	0x17f
 655 012d 01       		.uleb128 0x1
 656 012e 50       		.byte	0x50
 657 012f 0B       		.uleb128 0xb
 658 0130 F6000000 		.4byte	.LASF24
 659 0134 01       		.byte	0x1
 660 0135 B1       		.byte	0xb1
 661 0136 8A010000 		.4byte	0x18a
 662 013a 01       		.uleb128 0x1
 663 013b 51       		.byte	0x51
 664 013c 0C       		.uleb128 0xc
 665 013d 6900     		.ascii	"i\000"
 666 013f 01       		.byte	0x1
 667 0140 B4       		.byte	0xb4
 668 0141 A5000000 		.4byte	0xa5
 669 0145 00000000 		.4byte	.LLST0
 670 0149 0C       		.uleb128 0xc
 671 014a 6A00     		.ascii	"j\000"
 672 014c 01       		.byte	0x1
 673 014d B4       		.byte	0xb4
 674 014e A5000000 		.4byte	0xa5
 675 0152 1F000000 		.4byte	.LLST1
 676 0156 0D       		.uleb128 0xd
 677 0157 08000000 		.4byte	.LBB2
 678 015b 22000000 		.4byte	.LBE2-.LBB2
 679 015f 0E       		.uleb128 0xe
 680 0160 24020000 		.4byte	.LASF25
 681 0164 01       		.byte	0x1
 682 0165 B7       		.byte	0xb7
 683 0166 A5000000 		.4byte	0xa5
 684 016a 3E000000 		.4byte	.LLST2
 685 016e 0E       		.uleb128 0xe
 686 016f 33000000 		.4byte	.LASF26
 687 0173 01       		.byte	0x1
 688 0174 B8       		.byte	0xb8
 689 0175 8D000000 		.4byte	0x8d
 690 0179 51000000 		.4byte	.LLST3
 691 017d 00       		.byte	0
 692 017e 00       		.byte	0
 693 017f 0F       		.uleb128 0xf
 694 0180 04       		.byte	0x4
 695 0181 85010000 		.4byte	0x185
 696 0185 10       		.uleb128 0x10
 697 0186 A5000000 		.4byte	0xa5
 698 018a 0F       		.uleb128 0xf
 699 018b 04       		.byte	0x4
 700 018c 90010000 		.4byte	0x190
 701 0190 10       		.uleb128 0x10
 702 0191 02010000 		.4byte	0x102
 703 0195 11       		.uleb128 0x11
 704 0196 0D000000 		.4byte	.LASF42
 705 019a 01       		.byte	0x1
 706 019b 0701     		.2byte	0x107
ARM GAS  C:\Users\HEITKE~1\AppData\Local\Temp\cc08MA2L.s 			page 21


 707 019d 00000000 		.4byte	.LFB6
 708 01a1 20000000 		.4byte	.LFE6-.LFB6
 709 01a5 01       		.uleb128 0x1
 710 01a6 9C       		.byte	0x9c
 711 01a7 0A       		.uleb128 0xa
 712 01a8 A0000000 		.4byte	.LASF28
 713 01ac 01       		.byte	0x1
 714 01ad 4C       		.byte	0x4c
 715 01ae 00000000 		.4byte	.LFB1
 716 01b2 0C000000 		.4byte	.LFE1-.LFB1
 717 01b6 01       		.uleb128 0x1
 718 01b7 9C       		.byte	0x9c
 719 01b8 F4010000 		.4byte	0x1f4
 720 01bc 12       		.uleb128 0x12
 721 01bd 7300     		.ascii	"s\000"
 722 01bf 01       		.byte	0x1
 723 01c0 4C       		.byte	0x4c
 724 01c1 84000000 		.4byte	0x84
 725 01c5 6F000000 		.4byte	.LLST4
 726 01c9 12       		.uleb128 0x12
 727 01ca 6E00     		.ascii	"n\000"
 728 01cc 01       		.byte	0x1
 729 01cd 4C       		.byte	0x4c
 730 01ce 2C000000 		.4byte	0x2c
 731 01d2 90000000 		.4byte	.LLST5
 732 01d6 13       		.uleb128 0x13
 733 01d7 0A000000 		.4byte	.LVL14
 734 01db 91030000 		.4byte	0x391
 735 01df 14       		.uleb128 0x14
 736 01e0 01       		.uleb128 0x1
 737 01e1 50       		.byte	0x50
 738 01e2 03       		.uleb128 0x3
 739 01e3 F3       		.byte	0xf3
 740 01e4 01       		.uleb128 0x1
 741 01e5 50       		.byte	0x50
 742 01e6 14       		.uleb128 0x14
 743 01e7 01       		.uleb128 0x1
 744 01e8 51       		.byte	0x51
 745 01e9 01       		.uleb128 0x1
 746 01ea 30       		.byte	0x30
 747 01eb 14       		.uleb128 0x14
 748 01ec 01       		.uleb128 0x1
 749 01ed 52       		.byte	0x52
 750 01ee 03       		.uleb128 0x3
 751 01ef F3       		.byte	0xf3
 752 01f0 01       		.uleb128 0x1
 753 01f1 51       		.byte	0x51
 754 01f2 00       		.byte	0
 755 01f3 00       		.byte	0
 756 01f4 0A       		.uleb128 0xa
 757 01f5 39000000 		.4byte	.LASF29
 758 01f9 01       		.byte	0x1
 759 01fa D6       		.byte	0xd6
 760 01fb 00000000 		.4byte	.LFB5
 761 01ff 7C000000 		.4byte	.LFE5-.LFB5
 762 0203 01       		.uleb128 0x1
 763 0204 9C       		.byte	0x9c
ARM GAS  C:\Users\HEITKE~1\AppData\Local\Temp\cc08MA2L.s 			page 22


 764 0205 40020000 		.4byte	0x240
 765 0209 15       		.uleb128 0x15
 766 020a 0E000000 		.4byte	.LVL15
 767 020e 9A030000 		.4byte	0x39a
 768 0212 1D020000 		.4byte	0x21d
 769 0216 14       		.uleb128 0x14
 770 0217 01       		.uleb128 0x1
 771 0218 50       		.byte	0x50
 772 0219 02       		.uleb128 0x2
 773 021a 08       		.byte	0x8
 774 021b 30       		.byte	0x30
 775 021c 00       		.byte	0
 776 021d 15       		.uleb128 0x15
 777 021e 40000000 		.4byte	.LVL16
 778 0222 A5030000 		.4byte	0x3a5
 779 0226 30020000 		.4byte	0x230
 780 022a 14       		.uleb128 0x14
 781 022b 01       		.uleb128 0x1
 782 022c 50       		.byte	0x50
 783 022d 01       		.uleb128 0x1
 784 022e 37       		.byte	0x37
 785 022f 00       		.byte	0
 786 0230 13       		.uleb128 0x13
 787 0231 46000000 		.4byte	.LVL17
 788 0235 B0030000 		.4byte	0x3b0
 789 0239 14       		.uleb128 0x14
 790 023a 01       		.uleb128 0x1
 791 023b 50       		.byte	0x50
 792 023c 01       		.uleb128 0x1
 793 023d 37       		.byte	0x37
 794 023e 00       		.byte	0
 795 023f 00       		.byte	0
 796 0240 16       		.uleb128 0x16
 797 0241 5D010000 		.4byte	.LASF43
 798 0245 01       		.byte	0x1
 799 0246 2201     		.2byte	0x122
 800 0248 7C000000 		.4byte	.LFB7
 801 024c DC000000 		.4byte	.LFE7-.LFB7
 802 0250 01       		.uleb128 0x1
 803 0251 9C       		.byte	0x9c
 804 0252 67030000 		.4byte	0x367
 805 0256 17       		.uleb128 0x17
 806 0257 80000000 		.4byte	.LBB3
 807 025b 74000000 		.4byte	.LBE3-.LBB3
 808 025f 54030000 		.4byte	0x354
 809 0263 18       		.uleb128 0x18
 810 0264 44000000 		.4byte	.LASF30
 811 0268 01       		.byte	0x1
 812 0269 2801     		.2byte	0x128
 813 026b 77030000 		.4byte	0x377
 814 026f 05       		.uleb128 0x5
 815 0270 03       		.byte	0x3
 816 0271 60000000 		.4byte	cy_cfg_addr_table.4905
 817 0275 18       		.uleb128 0x18
 818 0276 56000000 		.4byte	.LASF31
 819 027a 01       		.byte	0x1
 820 027b 3301     		.2byte	0x133
ARM GAS  C:\Users\HEITKE~1\AppData\Local\Temp\cc08MA2L.s 			page 23


 821 027d 8C030000 		.4byte	0x38c
 822 0281 05       		.uleb128 0x5
 823 0282 03       		.byte	0x3
 824 0283 0C000000 		.4byte	cy_cfg_data_table.4906
 825 0287 19       		.uleb128 0x19
 826 0288 06       		.byte	0x6
 827 0289 01       		.byte	0x1
 828 028a 6201     		.2byte	0x162
 829 028c AB020000 		.4byte	0x2ab
 830 0290 1A       		.uleb128 0x1a
 831 0291 6A010000 		.4byte	.LASF32
 832 0295 01       		.byte	0x1
 833 0296 6301     		.2byte	0x163
 834 0298 84000000 		.4byte	0x84
 835 029c 00       		.byte	0
 836 029d 1A       		.uleb128 0x1a
 837 029e 7E000000 		.4byte	.LASF33
 838 02a2 01       		.byte	0x1
 839 02a3 6401     		.2byte	0x164
 840 02a5 99000000 		.4byte	0x99
 841 02a9 04       		.byte	0x4
 842 02aa 00       		.byte	0
 843 02ab 06       		.uleb128 0x6
 844 02ac 17020000 		.4byte	.LASF34
 845 02b0 01       		.byte	0x1
 846 02b1 6501     		.2byte	0x165
 847 02b3 87020000 		.4byte	0x287
 848 02b7 1B       		.uleb128 0x1b
 849 02b8 C7020000 		.4byte	0x2c7
 850 02bc C7020000 		.4byte	0x2c7
 851 02c0 1C       		.uleb128 0x1c
 852 02c1 7D000000 		.4byte	0x7d
 853 02c5 01       		.byte	0x1
 854 02c6 00       		.byte	0
 855 02c7 10       		.uleb128 0x10
 856 02c8 AB020000 		.4byte	0x2ab
 857 02cc 18       		.uleb128 0x18
 858 02cd 6E000000 		.4byte	.LASF35
 859 02d1 01       		.byte	0x1
 860 02d2 6701     		.2byte	0x167
 861 02d4 DE020000 		.4byte	0x2de
 862 02d8 05       		.uleb128 0x5
 863 02d9 03       		.byte	0x3
 864 02da 00000000 		.4byte	cfg_memset_list.4911
 865 02de 10       		.uleb128 0x10
 866 02df B7020000 		.4byte	0x2b7
 867 02e3 1D       		.uleb128 0x1d
 868 02e4 6900     		.ascii	"i\000"
 869 02e6 01       		.byte	0x1
 870 02e7 6D01     		.2byte	0x16d
 871 02e9 8D000000 		.4byte	0x8d
 872 02ed BC000000 		.4byte	.LLST6
 873 02f1 17       		.uleb128 0x17
 874 02f2 84000000 		.4byte	.LBB4
 875 02f6 1C000000 		.4byte	.LBE4-.LBB4
 876 02fa 37030000 		.4byte	0x337
 877 02fe 1D       		.uleb128 0x1d
ARM GAS  C:\Users\HEITKE~1\AppData\Local\Temp\cc08MA2L.s 			page 24


 878 02ff 6D7300   		.ascii	"ms\000"
 879 0302 01       		.byte	0x1
 880 0303 7201     		.2byte	0x172
 881 0305 0D030000 		.4byte	0x30d
 882 0309 E6000000 		.4byte	.LLST7
 883 030d 0F       		.uleb128 0xf
 884 030e 04       		.byte	0x4
 885 030f C7020000 		.4byte	0x2c7
 886 0313 13       		.uleb128 0x13
 887 0314 A0000000 		.4byte	.LVL20
 888 0318 A7010000 		.4byte	0x1a7
 889 031c 14       		.uleb128 0x14
 890 031d 01       		.uleb128 0x1
 891 031e 51       		.byte	0x51
 892 031f 15       		.uleb128 0x15
 893 0320 74       		.byte	0x74
 894 0321 00       		.sleb128 0
 895 0322 31       		.byte	0x31
 896 0323 24       		.byte	0x24
 897 0324 74       		.byte	0x74
 898 0325 00       		.sleb128 0
 899 0326 22       		.byte	0x22
 900 0327 31       		.byte	0x31
 901 0328 24       		.byte	0x24
 902 0329 03       		.byte	0x3
 903 032a 04000000 		.4byte	.LANCHOR0+4
 904 032e 22       		.byte	0x22
 905 032f 94       		.byte	0x94
 906 0330 02       		.byte	0x2
 907 0331 0A       		.byte	0xa
 908 0332 FFFF     		.2byte	0xffff
 909 0334 1A       		.byte	0x1a
 910 0335 00       		.byte	0
 911 0336 00       		.byte	0
 912 0337 13       		.uleb128 0x13
 913 0338 B4000000 		.4byte	.LVL23
 914 033c 0D010000 		.4byte	0x10d
 915 0340 14       		.uleb128 0x14
 916 0341 01       		.uleb128 0x1
 917 0342 50       		.byte	0x50
 918 0343 05       		.uleb128 0x5
 919 0344 03       		.byte	0x3
 920 0345 60000000 		.4byte	.LANCHOR0+96
 921 0349 14       		.uleb128 0x14
 922 034a 01       		.uleb128 0x1
 923 034b 51       		.byte	0x51
 924 034c 05       		.uleb128 0x5
 925 034d 03       		.byte	0x3
 926 034e 0C000000 		.4byte	.LANCHOR0+12
 927 0352 00       		.byte	0
 928 0353 00       		.byte	0
 929 0354 1E       		.uleb128 0x1e
 930 0355 12010000 		.4byte	.LVL24
 931 0359 F4010000 		.4byte	0x1f4
 932 035d 1E       		.uleb128 0x1e
 933 035e 16010000 		.4byte	.LVL25
 934 0362 95010000 		.4byte	0x195
ARM GAS  C:\Users\HEITKE~1\AppData\Local\Temp\cc08MA2L.s 			page 25


 935 0366 00       		.byte	0
 936 0367 1B       		.uleb128 0x1b
 937 0368 85010000 		.4byte	0x185
 938 036c 77030000 		.4byte	0x377
 939 0370 1C       		.uleb128 0x1c
 940 0371 7D000000 		.4byte	0x7d
 941 0375 07       		.byte	0x7
 942 0376 00       		.byte	0
 943 0377 10       		.uleb128 0x10
 944 0378 67030000 		.4byte	0x367
 945 037c 1B       		.uleb128 0x1b
 946 037d 90010000 		.4byte	0x190
 947 0381 8C030000 		.4byte	0x38c
 948 0385 1C       		.uleb128 0x1c
 949 0386 7D000000 		.4byte	0x7d
 950 038a 29       		.byte	0x29
 951 038b 00       		.byte	0
 952 038c 10       		.uleb128 0x10
 953 038d 7C030000 		.4byte	0x37c
 954 0391 1F       		.uleb128 0x1f
 955 0392 B8000000 		.4byte	.LASF44
 956 0396 B8000000 		.4byte	.LASF44
 957 039a 20       		.uleb128 0x20
 958 039b 80020000 		.4byte	.LASF36
 959 039f 80020000 		.4byte	.LASF36
 960 03a3 04       		.byte	0x4
 961 03a4 6C       		.byte	0x6c
 962 03a5 20       		.uleb128 0x20
 963 03a6 1E000000 		.4byte	.LASF37
 964 03aa 1E000000 		.4byte	.LASF37
 965 03ae 04       		.byte	0x4
 966 03af BD       		.byte	0xbd
 967 03b0 20       		.uleb128 0x20
 968 03b1 D8000000 		.4byte	.LASF38
 969 03b5 D8000000 		.4byte	.LASF38
 970 03b9 04       		.byte	0x4
 971 03ba C3       		.byte	0xc3
 972 03bb 00       		.byte	0
 973              		.section	.debug_abbrev,"",%progbits
 974              	.Ldebug_abbrev0:
 975 0000 01       		.uleb128 0x1
 976 0001 11       		.uleb128 0x11
 977 0002 01       		.byte	0x1
 978 0003 25       		.uleb128 0x25
 979 0004 0E       		.uleb128 0xe
 980 0005 13       		.uleb128 0x13
 981 0006 0B       		.uleb128 0xb
 982 0007 03       		.uleb128 0x3
 983 0008 0E       		.uleb128 0xe
 984 0009 1B       		.uleb128 0x1b
 985 000a 0E       		.uleb128 0xe
 986 000b 55       		.uleb128 0x55
 987 000c 17       		.uleb128 0x17
 988 000d 11       		.uleb128 0x11
 989 000e 01       		.uleb128 0x1
 990 000f 10       		.uleb128 0x10
 991 0010 17       		.uleb128 0x17
ARM GAS  C:\Users\HEITKE~1\AppData\Local\Temp\cc08MA2L.s 			page 26


 992 0011 00       		.byte	0
 993 0012 00       		.byte	0
 994 0013 02       		.uleb128 0x2
 995 0014 24       		.uleb128 0x24
 996 0015 00       		.byte	0
 997 0016 0B       		.uleb128 0xb
 998 0017 0B       		.uleb128 0xb
 999 0018 3E       		.uleb128 0x3e
 1000 0019 0B       		.uleb128 0xb
 1001 001a 03       		.uleb128 0x3
 1002 001b 08       		.uleb128 0x8
 1003 001c 00       		.byte	0
 1004 001d 00       		.byte	0
 1005 001e 03       		.uleb128 0x3
 1006 001f 16       		.uleb128 0x16
 1007 0020 00       		.byte	0
 1008 0021 03       		.uleb128 0x3
 1009 0022 0E       		.uleb128 0xe
 1010 0023 3A       		.uleb128 0x3a
 1011 0024 0B       		.uleb128 0xb
 1012 0025 3B       		.uleb128 0x3b
 1013 0026 0B       		.uleb128 0xb
 1014 0027 49       		.uleb128 0x49
 1015 0028 13       		.uleb128 0x13
 1016 0029 00       		.byte	0
 1017 002a 00       		.byte	0
 1018 002b 04       		.uleb128 0x4
 1019 002c 24       		.uleb128 0x24
 1020 002d 00       		.byte	0
 1021 002e 0B       		.uleb128 0xb
 1022 002f 0B       		.uleb128 0xb
 1023 0030 3E       		.uleb128 0x3e
 1024 0031 0B       		.uleb128 0xb
 1025 0032 03       		.uleb128 0x3
 1026 0033 0E       		.uleb128 0xe
 1027 0034 00       		.byte	0
 1028 0035 00       		.byte	0
 1029 0036 05       		.uleb128 0x5
 1030 0037 0F       		.uleb128 0xf
 1031 0038 00       		.byte	0
 1032 0039 0B       		.uleb128 0xb
 1033 003a 0B       		.uleb128 0xb
 1034 003b 00       		.byte	0
 1035 003c 00       		.byte	0
 1036 003d 06       		.uleb128 0x6
 1037 003e 16       		.uleb128 0x16
 1038 003f 00       		.byte	0
 1039 0040 03       		.uleb128 0x3
 1040 0041 0E       		.uleb128 0xe
 1041 0042 3A       		.uleb128 0x3a
 1042 0043 0B       		.uleb128 0xb
 1043 0044 3B       		.uleb128 0x3b
 1044 0045 05       		.uleb128 0x5
 1045 0046 49       		.uleb128 0x49
 1046 0047 13       		.uleb128 0x13
 1047 0048 00       		.byte	0
 1048 0049 00       		.byte	0
ARM GAS  C:\Users\HEITKE~1\AppData\Local\Temp\cc08MA2L.s 			page 27


 1049 004a 07       		.uleb128 0x7
 1050 004b 35       		.uleb128 0x35
 1051 004c 00       		.byte	0
 1052 004d 49       		.uleb128 0x49
 1053 004e 13       		.uleb128 0x13
 1054 004f 00       		.byte	0
 1055 0050 00       		.byte	0
 1056 0051 08       		.uleb128 0x8
 1057 0052 13       		.uleb128 0x13
 1058 0053 01       		.byte	0x1
 1059 0054 0B       		.uleb128 0xb
 1060 0055 0B       		.uleb128 0xb
 1061 0056 3A       		.uleb128 0x3a
 1062 0057 0B       		.uleb128 0xb
 1063 0058 3B       		.uleb128 0x3b
 1064 0059 0B       		.uleb128 0xb
 1065 005a 01       		.uleb128 0x1
 1066 005b 13       		.uleb128 0x13
 1067 005c 00       		.byte	0
 1068 005d 00       		.byte	0
 1069 005e 09       		.uleb128 0x9
 1070 005f 0D       		.uleb128 0xd
 1071 0060 00       		.byte	0
 1072 0061 03       		.uleb128 0x3
 1073 0062 0E       		.uleb128 0xe
 1074 0063 3A       		.uleb128 0x3a
 1075 0064 0B       		.uleb128 0xb
 1076 0065 3B       		.uleb128 0x3b
 1077 0066 0B       		.uleb128 0xb
 1078 0067 49       		.uleb128 0x49
 1079 0068 13       		.uleb128 0x13
 1080 0069 38       		.uleb128 0x38
 1081 006a 0B       		.uleb128 0xb
 1082 006b 00       		.byte	0
 1083 006c 00       		.byte	0
 1084 006d 0A       		.uleb128 0xa
 1085 006e 2E       		.uleb128 0x2e
 1086 006f 01       		.byte	0x1
 1087 0070 03       		.uleb128 0x3
 1088 0071 0E       		.uleb128 0xe
 1089 0072 3A       		.uleb128 0x3a
 1090 0073 0B       		.uleb128 0xb
 1091 0074 3B       		.uleb128 0x3b
 1092 0075 0B       		.uleb128 0xb
 1093 0076 27       		.uleb128 0x27
 1094 0077 19       		.uleb128 0x19
 1095 0078 11       		.uleb128 0x11
 1096 0079 01       		.uleb128 0x1
 1097 007a 12       		.uleb128 0x12
 1098 007b 06       		.uleb128 0x6
 1099 007c 40       		.uleb128 0x40
 1100 007d 18       		.uleb128 0x18
 1101 007e 9742     		.uleb128 0x2117
 1102 0080 19       		.uleb128 0x19
 1103 0081 01       		.uleb128 0x1
 1104 0082 13       		.uleb128 0x13
 1105 0083 00       		.byte	0
ARM GAS  C:\Users\HEITKE~1\AppData\Local\Temp\cc08MA2L.s 			page 28


 1106 0084 00       		.byte	0
 1107 0085 0B       		.uleb128 0xb
 1108 0086 05       		.uleb128 0x5
 1109 0087 00       		.byte	0
 1110 0088 03       		.uleb128 0x3
 1111 0089 0E       		.uleb128 0xe
 1112 008a 3A       		.uleb128 0x3a
 1113 008b 0B       		.uleb128 0xb
 1114 008c 3B       		.uleb128 0x3b
 1115 008d 0B       		.uleb128 0xb
 1116 008e 49       		.uleb128 0x49
 1117 008f 13       		.uleb128 0x13
 1118 0090 02       		.uleb128 0x2
 1119 0091 18       		.uleb128 0x18
 1120 0092 00       		.byte	0
 1121 0093 00       		.byte	0
 1122 0094 0C       		.uleb128 0xc
 1123 0095 34       		.uleb128 0x34
 1124 0096 00       		.byte	0
 1125 0097 03       		.uleb128 0x3
 1126 0098 08       		.uleb128 0x8
 1127 0099 3A       		.uleb128 0x3a
 1128 009a 0B       		.uleb128 0xb
 1129 009b 3B       		.uleb128 0x3b
 1130 009c 0B       		.uleb128 0xb
 1131 009d 49       		.uleb128 0x49
 1132 009e 13       		.uleb128 0x13
 1133 009f 02       		.uleb128 0x2
 1134 00a0 17       		.uleb128 0x17
 1135 00a1 00       		.byte	0
 1136 00a2 00       		.byte	0
 1137 00a3 0D       		.uleb128 0xd
 1138 00a4 0B       		.uleb128 0xb
 1139 00a5 01       		.byte	0x1
 1140 00a6 11       		.uleb128 0x11
 1141 00a7 01       		.uleb128 0x1
 1142 00a8 12       		.uleb128 0x12
 1143 00a9 06       		.uleb128 0x6
 1144 00aa 00       		.byte	0
 1145 00ab 00       		.byte	0
 1146 00ac 0E       		.uleb128 0xe
 1147 00ad 34       		.uleb128 0x34
 1148 00ae 00       		.byte	0
 1149 00af 03       		.uleb128 0x3
 1150 00b0 0E       		.uleb128 0xe
 1151 00b1 3A       		.uleb128 0x3a
 1152 00b2 0B       		.uleb128 0xb
 1153 00b3 3B       		.uleb128 0x3b
 1154 00b4 0B       		.uleb128 0xb
 1155 00b5 49       		.uleb128 0x49
 1156 00b6 13       		.uleb128 0x13
 1157 00b7 02       		.uleb128 0x2
 1158 00b8 17       		.uleb128 0x17
 1159 00b9 00       		.byte	0
 1160 00ba 00       		.byte	0
 1161 00bb 0F       		.uleb128 0xf
 1162 00bc 0F       		.uleb128 0xf
ARM GAS  C:\Users\HEITKE~1\AppData\Local\Temp\cc08MA2L.s 			page 29


 1163 00bd 00       		.byte	0
 1164 00be 0B       		.uleb128 0xb
 1165 00bf 0B       		.uleb128 0xb
 1166 00c0 49       		.uleb128 0x49
 1167 00c1 13       		.uleb128 0x13
 1168 00c2 00       		.byte	0
 1169 00c3 00       		.byte	0
 1170 00c4 10       		.uleb128 0x10
 1171 00c5 26       		.uleb128 0x26
 1172 00c6 00       		.byte	0
 1173 00c7 49       		.uleb128 0x49
 1174 00c8 13       		.uleb128 0x13
 1175 00c9 00       		.byte	0
 1176 00ca 00       		.byte	0
 1177 00cb 11       		.uleb128 0x11
 1178 00cc 2E       		.uleb128 0x2e
 1179 00cd 00       		.byte	0
 1180 00ce 03       		.uleb128 0x3
 1181 00cf 0E       		.uleb128 0xe
 1182 00d0 3A       		.uleb128 0x3a
 1183 00d1 0B       		.uleb128 0xb
 1184 00d2 3B       		.uleb128 0x3b
 1185 00d3 05       		.uleb128 0x5
 1186 00d4 27       		.uleb128 0x27
 1187 00d5 19       		.uleb128 0x19
 1188 00d6 11       		.uleb128 0x11
 1189 00d7 01       		.uleb128 0x1
 1190 00d8 12       		.uleb128 0x12
 1191 00d9 06       		.uleb128 0x6
 1192 00da 40       		.uleb128 0x40
 1193 00db 18       		.uleb128 0x18
 1194 00dc 9742     		.uleb128 0x2117
 1195 00de 19       		.uleb128 0x19
 1196 00df 00       		.byte	0
 1197 00e0 00       		.byte	0
 1198 00e1 12       		.uleb128 0x12
 1199 00e2 05       		.uleb128 0x5
 1200 00e3 00       		.byte	0
 1201 00e4 03       		.uleb128 0x3
 1202 00e5 08       		.uleb128 0x8
 1203 00e6 3A       		.uleb128 0x3a
 1204 00e7 0B       		.uleb128 0xb
 1205 00e8 3B       		.uleb128 0x3b
 1206 00e9 0B       		.uleb128 0xb
 1207 00ea 49       		.uleb128 0x49
 1208 00eb 13       		.uleb128 0x13
 1209 00ec 02       		.uleb128 0x2
 1210 00ed 17       		.uleb128 0x17
 1211 00ee 00       		.byte	0
 1212 00ef 00       		.byte	0
 1213 00f0 13       		.uleb128 0x13
 1214 00f1 898201   		.uleb128 0x4109
 1215 00f4 01       		.byte	0x1
 1216 00f5 11       		.uleb128 0x11
 1217 00f6 01       		.uleb128 0x1
 1218 00f7 31       		.uleb128 0x31
 1219 00f8 13       		.uleb128 0x13
ARM GAS  C:\Users\HEITKE~1\AppData\Local\Temp\cc08MA2L.s 			page 30


 1220 00f9 00       		.byte	0
 1221 00fa 00       		.byte	0
 1222 00fb 14       		.uleb128 0x14
 1223 00fc 8A8201   		.uleb128 0x410a
 1224 00ff 00       		.byte	0
 1225 0100 02       		.uleb128 0x2
 1226 0101 18       		.uleb128 0x18
 1227 0102 9142     		.uleb128 0x2111
 1228 0104 18       		.uleb128 0x18
 1229 0105 00       		.byte	0
 1230 0106 00       		.byte	0
 1231 0107 15       		.uleb128 0x15
 1232 0108 898201   		.uleb128 0x4109
 1233 010b 01       		.byte	0x1
 1234 010c 11       		.uleb128 0x11
 1235 010d 01       		.uleb128 0x1
 1236 010e 31       		.uleb128 0x31
 1237 010f 13       		.uleb128 0x13
 1238 0110 01       		.uleb128 0x1
 1239 0111 13       		.uleb128 0x13
 1240 0112 00       		.byte	0
 1241 0113 00       		.byte	0
 1242 0114 16       		.uleb128 0x16
 1243 0115 2E       		.uleb128 0x2e
 1244 0116 01       		.byte	0x1
 1245 0117 3F       		.uleb128 0x3f
 1246 0118 19       		.uleb128 0x19
 1247 0119 03       		.uleb128 0x3
 1248 011a 0E       		.uleb128 0xe
 1249 011b 3A       		.uleb128 0x3a
 1250 011c 0B       		.uleb128 0xb
 1251 011d 3B       		.uleb128 0x3b
 1252 011e 05       		.uleb128 0x5
 1253 011f 27       		.uleb128 0x27
 1254 0120 19       		.uleb128 0x19
 1255 0121 11       		.uleb128 0x11
 1256 0122 01       		.uleb128 0x1
 1257 0123 12       		.uleb128 0x12
 1258 0124 06       		.uleb128 0x6
 1259 0125 40       		.uleb128 0x40
 1260 0126 18       		.uleb128 0x18
 1261 0127 9742     		.uleb128 0x2117
 1262 0129 19       		.uleb128 0x19
 1263 012a 01       		.uleb128 0x1
 1264 012b 13       		.uleb128 0x13
 1265 012c 00       		.byte	0
 1266 012d 00       		.byte	0
 1267 012e 17       		.uleb128 0x17
 1268 012f 0B       		.uleb128 0xb
 1269 0130 01       		.byte	0x1
 1270 0131 11       		.uleb128 0x11
 1271 0132 01       		.uleb128 0x1
 1272 0133 12       		.uleb128 0x12
 1273 0134 06       		.uleb128 0x6
 1274 0135 01       		.uleb128 0x1
 1275 0136 13       		.uleb128 0x13
 1276 0137 00       		.byte	0
ARM GAS  C:\Users\HEITKE~1\AppData\Local\Temp\cc08MA2L.s 			page 31


 1277 0138 00       		.byte	0
 1278 0139 18       		.uleb128 0x18
 1279 013a 34       		.uleb128 0x34
 1280 013b 00       		.byte	0
 1281 013c 03       		.uleb128 0x3
 1282 013d 0E       		.uleb128 0xe
 1283 013e 3A       		.uleb128 0x3a
 1284 013f 0B       		.uleb128 0xb
 1285 0140 3B       		.uleb128 0x3b
 1286 0141 05       		.uleb128 0x5
 1287 0142 49       		.uleb128 0x49
 1288 0143 13       		.uleb128 0x13
 1289 0144 02       		.uleb128 0x2
 1290 0145 18       		.uleb128 0x18
 1291 0146 00       		.byte	0
 1292 0147 00       		.byte	0
 1293 0148 19       		.uleb128 0x19
 1294 0149 13       		.uleb128 0x13
 1295 014a 01       		.byte	0x1
 1296 014b 0B       		.uleb128 0xb
 1297 014c 0B       		.uleb128 0xb
 1298 014d 3A       		.uleb128 0x3a
 1299 014e 0B       		.uleb128 0xb
 1300 014f 3B       		.uleb128 0x3b
 1301 0150 05       		.uleb128 0x5
 1302 0151 01       		.uleb128 0x1
 1303 0152 13       		.uleb128 0x13
 1304 0153 00       		.byte	0
 1305 0154 00       		.byte	0
 1306 0155 1A       		.uleb128 0x1a
 1307 0156 0D       		.uleb128 0xd
 1308 0157 00       		.byte	0
 1309 0158 03       		.uleb128 0x3
 1310 0159 0E       		.uleb128 0xe
 1311 015a 3A       		.uleb128 0x3a
 1312 015b 0B       		.uleb128 0xb
 1313 015c 3B       		.uleb128 0x3b
 1314 015d 05       		.uleb128 0x5
 1315 015e 49       		.uleb128 0x49
 1316 015f 13       		.uleb128 0x13
 1317 0160 38       		.uleb128 0x38
 1318 0161 0B       		.uleb128 0xb
 1319 0162 00       		.byte	0
 1320 0163 00       		.byte	0
 1321 0164 1B       		.uleb128 0x1b
 1322 0165 01       		.uleb128 0x1
 1323 0166 01       		.byte	0x1
 1324 0167 49       		.uleb128 0x49
 1325 0168 13       		.uleb128 0x13
 1326 0169 01       		.uleb128 0x1
 1327 016a 13       		.uleb128 0x13
 1328 016b 00       		.byte	0
 1329 016c 00       		.byte	0
 1330 016d 1C       		.uleb128 0x1c
 1331 016e 21       		.uleb128 0x21
 1332 016f 00       		.byte	0
 1333 0170 49       		.uleb128 0x49
ARM GAS  C:\Users\HEITKE~1\AppData\Local\Temp\cc08MA2L.s 			page 32


 1334 0171 13       		.uleb128 0x13
 1335 0172 2F       		.uleb128 0x2f
 1336 0173 0B       		.uleb128 0xb
 1337 0174 00       		.byte	0
 1338 0175 00       		.byte	0
 1339 0176 1D       		.uleb128 0x1d
 1340 0177 34       		.uleb128 0x34
 1341 0178 00       		.byte	0
 1342 0179 03       		.uleb128 0x3
 1343 017a 08       		.uleb128 0x8
 1344 017b 3A       		.uleb128 0x3a
 1345 017c 0B       		.uleb128 0xb
 1346 017d 3B       		.uleb128 0x3b
 1347 017e 05       		.uleb128 0x5
 1348 017f 49       		.uleb128 0x49
 1349 0180 13       		.uleb128 0x13
 1350 0181 02       		.uleb128 0x2
 1351 0182 17       		.uleb128 0x17
 1352 0183 00       		.byte	0
 1353 0184 00       		.byte	0
 1354 0185 1E       		.uleb128 0x1e
 1355 0186 898201   		.uleb128 0x4109
 1356 0189 00       		.byte	0
 1357 018a 11       		.uleb128 0x11
 1358 018b 01       		.uleb128 0x1
 1359 018c 31       		.uleb128 0x31
 1360 018d 13       		.uleb128 0x13
 1361 018e 00       		.byte	0
 1362 018f 00       		.byte	0
 1363 0190 1F       		.uleb128 0x1f
 1364 0191 2E       		.uleb128 0x2e
 1365 0192 00       		.byte	0
 1366 0193 3F       		.uleb128 0x3f
 1367 0194 19       		.uleb128 0x19
 1368 0195 3C       		.uleb128 0x3c
 1369 0196 19       		.uleb128 0x19
 1370 0197 6E       		.uleb128 0x6e
 1371 0198 0E       		.uleb128 0xe
 1372 0199 03       		.uleb128 0x3
 1373 019a 0E       		.uleb128 0xe
 1374 019b 00       		.byte	0
 1375 019c 00       		.byte	0
 1376 019d 20       		.uleb128 0x20
 1377 019e 2E       		.uleb128 0x2e
 1378 019f 00       		.byte	0
 1379 01a0 3F       		.uleb128 0x3f
 1380 01a1 19       		.uleb128 0x19
 1381 01a2 3C       		.uleb128 0x3c
 1382 01a3 19       		.uleb128 0x19
 1383 01a4 6E       		.uleb128 0x6e
 1384 01a5 0E       		.uleb128 0xe
 1385 01a6 03       		.uleb128 0x3
 1386 01a7 0E       		.uleb128 0xe
 1387 01a8 3A       		.uleb128 0x3a
 1388 01a9 0B       		.uleb128 0xb
 1389 01aa 3B       		.uleb128 0x3b
 1390 01ab 0B       		.uleb128 0xb
ARM GAS  C:\Users\HEITKE~1\AppData\Local\Temp\cc08MA2L.s 			page 33


 1391 01ac 00       		.byte	0
 1392 01ad 00       		.byte	0
 1393 01ae 00       		.byte	0
 1394              		.section	.debug_loc,"",%progbits
 1395              	.Ldebug_loc0:
 1396              	.LLST0:
 1397 0000 02000000 		.4byte	.LVL1
 1398 0004 08000000 		.4byte	.LVL2
 1399 0008 0200     		.2byte	0x2
 1400 000a 30       		.byte	0x30
 1401 000b 9F       		.byte	0x9f
 1402 000c 08000000 		.4byte	.LVL2
 1403 0010 30000000 		.4byte	.LVL11
 1404 0014 0100     		.2byte	0x1
 1405 0016 57       		.byte	0x57
 1406 0017 00000000 		.4byte	0
 1407 001b 00000000 		.4byte	0
 1408              	.LLST1:
 1409 001f 02000000 		.4byte	.LVL1
 1410 0023 08000000 		.4byte	.LVL2
 1411 0027 0200     		.2byte	0x2
 1412 0029 30       		.byte	0x30
 1413 002a 9F       		.byte	0x9f
 1414 002b 08000000 		.4byte	.LVL2
 1415 002f 30000000 		.4byte	.LVL10
 1416 0033 0100     		.2byte	0x1
 1417 0035 55       		.byte	0x55
 1418 0036 00000000 		.4byte	0
 1419 003a 00000000 		.4byte	0
 1420              	.LLST2:
 1421 003e 0C000000 		.4byte	.LVL3
 1422 0042 2C000000 		.4byte	.LVL9
 1423 0046 0100     		.2byte	0x1
 1424 0048 56       		.byte	0x56
 1425 0049 00000000 		.4byte	0
 1426 004d 00000000 		.4byte	0
 1427              	.LLST3:
 1428 0051 0E000000 		.4byte	.LVL4
 1429 0055 24000000 		.4byte	.LVL7
 1430 0059 0100     		.2byte	0x1
 1431 005b 53       		.byte	0x53
 1432 005c 26000000 		.4byte	.LVL8
 1433 0060 2C000000 		.4byte	.LVL9
 1434 0064 0100     		.2byte	0x1
 1435 0066 53       		.byte	0x53
 1436 0067 00000000 		.4byte	0
 1437 006b 00000000 		.4byte	0
 1438              	.LLST4:
 1439 006f 00000000 		.4byte	.LVL12
 1440 0073 09000000 		.4byte	.LVL14-1
 1441 0077 0100     		.2byte	0x1
 1442 0079 50       		.byte	0x50
 1443 007a 09000000 		.4byte	.LVL14-1
 1444 007e 0C000000 		.4byte	.LFE1
 1445 0082 0400     		.2byte	0x4
 1446 0084 F3       		.byte	0xf3
 1447 0085 01       		.uleb128 0x1
ARM GAS  C:\Users\HEITKE~1\AppData\Local\Temp\cc08MA2L.s 			page 34


 1448 0086 50       		.byte	0x50
 1449 0087 9F       		.byte	0x9f
 1450 0088 00000000 		.4byte	0
 1451 008c 00000000 		.4byte	0
 1452              	.LLST5:
 1453 0090 00000000 		.4byte	.LVL12
 1454 0094 06000000 		.4byte	.LVL13
 1455 0098 0100     		.2byte	0x1
 1456 009a 51       		.byte	0x51
 1457 009b 06000000 		.4byte	.LVL13
 1458 009f 09000000 		.4byte	.LVL14-1
 1459 00a3 0100     		.2byte	0x1
 1460 00a5 52       		.byte	0x52
 1461 00a6 09000000 		.4byte	.LVL14-1
 1462 00aa 0C000000 		.4byte	.LFE1
 1463 00ae 0400     		.2byte	0x4
 1464 00b0 F3       		.byte	0xf3
 1465 00b1 01       		.uleb128 0x1
 1466 00b2 51       		.byte	0x51
 1467 00b3 9F       		.byte	0x9f
 1468 00b4 00000000 		.4byte	0
 1469 00b8 00000000 		.4byte	0
 1470              	.LLST6:
 1471 00bc 80000000 		.4byte	.LVL18
 1472 00c0 84000000 		.4byte	.LVL19
 1473 00c4 0200     		.2byte	0x2
 1474 00c6 30       		.byte	0x30
 1475 00c7 9F       		.byte	0x9f
 1476 00c8 84000000 		.4byte	.LVL19
 1477 00cc A2000000 		.4byte	.LVL21
 1478 00d0 0100     		.2byte	0x1
 1479 00d2 54       		.byte	0x54
 1480 00d3 A4000000 		.4byte	.LVL22
 1481 00d7 16010000 		.4byte	.LVL26
 1482 00db 0100     		.2byte	0x1
 1483 00dd 54       		.byte	0x54
 1484 00de 00000000 		.4byte	0
 1485 00e2 00000000 		.4byte	0
 1486              	.LLST7:
 1487 00e6 84000000 		.4byte	.LVL19
 1488 00ea A2000000 		.4byte	.LVL21
 1489 00ee 0B00     		.2byte	0xb
 1490 00f0 74       		.byte	0x74
 1491 00f1 00       		.sleb128 0
 1492 00f2 36       		.byte	0x36
 1493 00f3 1E       		.byte	0x1e
 1494 00f4 03       		.byte	0x3
 1495 00f5 00000000 		.4byte	cfg_memset_list.4911
 1496 00f9 22       		.byte	0x22
 1497 00fa 9F       		.byte	0x9f
 1498 00fb A2000000 		.4byte	.LVL21
 1499 00ff A4000000 		.4byte	.LVL22
 1500 0103 0B00     		.2byte	0xb
 1501 0105 74       		.byte	0x74
 1502 0106 7F       		.sleb128 -1
 1503 0107 36       		.byte	0x36
 1504 0108 1E       		.byte	0x1e
ARM GAS  C:\Users\HEITKE~1\AppData\Local\Temp\cc08MA2L.s 			page 35


 1505 0109 03       		.byte	0x3
 1506 010a 00000000 		.4byte	cfg_memset_list.4911
 1507 010e 22       		.byte	0x22
 1508 010f 9F       		.byte	0x9f
 1509 0110 00000000 		.4byte	0
 1510 0114 00000000 		.4byte	0
 1511              		.section	.debug_aranges,"",%progbits
 1512 0000 3C000000 		.4byte	0x3c
 1513 0004 0200     		.2byte	0x2
 1514 0006 00000000 		.4byte	.Ldebug_info0
 1515 000a 04       		.byte	0x4
 1516 000b 00       		.byte	0
 1517 000c 0000     		.2byte	0
 1518 000e 0000     		.2byte	0
 1519 0010 00000000 		.4byte	.LFB4
 1520 0014 32000000 		.4byte	.LFE4-.LFB4
 1521 0018 00000000 		.4byte	.LFB6
 1522 001c 20000000 		.4byte	.LFE6-.LFB6
 1523 0020 00000000 		.4byte	.LFB1
 1524 0024 0C000000 		.4byte	.LFE1-.LFB1
 1525 0028 00000000 		.4byte	.LFB5
 1526 002c 7C000000 		.4byte	.LFE5-.LFB5
 1527 0030 7C000000 		.4byte	.LFB7
 1528 0034 DC000000 		.4byte	.LFE7-.LFB7
 1529 0038 00000000 		.4byte	0
 1530 003c 00000000 		.4byte	0
 1531              		.section	.debug_ranges,"",%progbits
 1532              	.Ldebug_ranges0:
 1533 0000 00000000 		.4byte	.LFB4
 1534 0004 32000000 		.4byte	.LFE4
 1535 0008 00000000 		.4byte	.LFB6
 1536 000c 20000000 		.4byte	.LFE6
 1537 0010 00000000 		.4byte	.LFB1
 1538 0014 0C000000 		.4byte	.LFE1
 1539 0018 00000000 		.4byte	.LFB5
 1540 001c 7C000000 		.4byte	.LFE5
 1541 0020 7C000000 		.4byte	.LFB7
 1542 0024 58010000 		.4byte	.LFE7
 1543 0028 00000000 		.4byte	0
 1544 002c 00000000 		.4byte	0
 1545              		.section	.debug_line,"",%progbits
 1546              	.Ldebug_line0:
 1547 0000 71010000 		.section	.debug_str,"MS",%progbits,1
 1547      0200D600 
 1547      00000201 
 1547      FB0E0D00 
 1547      01010101 
 1548              	.LASF19:
 1549 0000 72656733 		.ascii	"reg32\000"
 1549      3200
 1550              	.LASF12:
 1551 0006 73697A65 		.ascii	"size_t\000"
 1551      5F7400
 1552              	.LASF42:
 1553 000d 416E616C 		.ascii	"AnalogSetDefault\000"
 1553      6F675365 
 1553      74446566 
ARM GAS  C:\Users\HEITKE~1\AppData\Local\Temp\cc08MA2L.s 			page 36


 1553      61756C74 
 1553      00
 1554              	.LASF37:
 1555 001e 4379496E 		.ascii	"CyIntSetVector\000"
 1555      74536574 
 1555      56656374 
 1555      6F7200
 1556              	.LASF21:
 1557 002d 76616C75 		.ascii	"value\000"
 1557      6500
 1558              	.LASF26:
 1559 0033 636F756E 		.ascii	"count\000"
 1559      7400
 1560              	.LASF29:
 1561 0039 436C6F63 		.ascii	"ClockSetup\000"
 1561      6B536574 
 1561      757000
 1562              	.LASF30:
 1563 0044 63795F63 		.ascii	"cy_cfg_addr_table\000"
 1563      66675F61 
 1563      6464725F 
 1563      7461626C 
 1563      6500
 1564              	.LASF31:
 1565 0056 63795F63 		.ascii	"cy_cfg_data_table\000"
 1565      66675F64 
 1565      6174615F 
 1565      7461626C 
 1565      6500
 1566              	.LASF16:
 1567 0068 666C6F61 		.ascii	"float\000"
 1567      7400
 1568              	.LASF35:
 1569 006e 6366675F 		.ascii	"cfg_memset_list\000"
 1569      6D656D73 
 1569      65745F6C 
 1569      69737400 
 1570              	.LASF33:
 1571 007e 73697A65 		.ascii	"size\000"
 1571      00
 1572              	.LASF18:
 1573 0083 72656738 		.ascii	"reg8\000"
 1573      00
 1574              	.LASF8:
 1575 0088 6C6F6E67 		.ascii	"long unsigned int\000"
 1575      20756E73 
 1575      69676E65 
 1575      6420696E 
 1575      7400
 1576              	.LASF13:
 1577 009a 75696E74 		.ascii	"uint8\000"
 1577      3800
 1578              	.LASF28:
 1579 00a0 43594D45 		.ascii	"CYMEMZERO\000"
 1579      4D5A4552 
 1579      4F00
 1580              	.LASF4:
ARM GAS  C:\Users\HEITKE~1\AppData\Local\Temp\cc08MA2L.s 			page 37


 1581 00aa 756E7369 		.ascii	"unsigned char\000"
 1581      676E6564 
 1581      20636861 
 1581      7200
 1582              	.LASF44:
 1583 00b8 6D656D73 		.ascii	"memset\000"
 1583      657400
 1584              	.LASF17:
 1585 00bf 646F7562 		.ascii	"double\000"
 1585      6C6500
 1586              	.LASF27:
 1587 00c6 6366675F 		.ascii	"cfg_write_bytes32\000"
 1587      77726974 
 1587      655F6279 
 1587      74657333 
 1587      3200
 1588              	.LASF38:
 1589 00d8 4379496E 		.ascii	"CyIntEnable\000"
 1589      74456E61 
 1589      626C6500 
 1590              	.LASF23:
 1591 00e4 61646472 		.ascii	"addr_table\000"
 1591      5F746162 
 1591      6C6500
 1592              	.LASF14:
 1593 00ef 75696E74 		.ascii	"uint16\000"
 1593      313600
 1594              	.LASF24:
 1595 00f6 64617461 		.ascii	"data_table\000"
 1595      5F746162 
 1595      6C6500
 1596              	.LASF15:
 1597 0101 75696E74 		.ascii	"uint32\000"
 1597      333200
 1598              	.LASF41:
 1599 0108 433A5C55 		.ascii	"C:\\Users\\heitkemperpe\\Documents\\PSoC Creator\\W"
 1599      73657273 
 1599      5C686569 
 1599      746B656D 
 1599      70657270 
 1600 0136 6F726B73 		.ascii	"orkspace01\\Design01.cydsn\000"
 1600      70616365 
 1600      30315C44 
 1600      65736967 
 1600      6E30312E 
 1601              	.LASF0:
 1602 0150 756E7369 		.ascii	"unsigned int\000"
 1602      676E6564 
 1602      20696E74 
 1602      00
 1603              	.LASF43:
 1604 015d 63796669 		.ascii	"cyfitter_cfg\000"
 1604      74746572 
 1604      5F636667 
 1604      00
 1605              	.LASF32:
 1606 016a 61646472 		.ascii	"address\000"
ARM GAS  C:\Users\HEITKE~1\AppData\Local\Temp\cc08MA2L.s 			page 38


 1606      65737300 
 1607              	.LASF9:
 1608 0172 6C6F6E67 		.ascii	"long long unsigned int\000"
 1608      206C6F6E 
 1608      6720756E 
 1608      7369676E 
 1608      65642069 
 1609              	.LASF39:
 1610 0189 474E5520 		.ascii	"GNU C11 5.4.1 20160609 (release) [ARM/embedded-5-br"
 1610      43313120 
 1610      352E342E 
 1610      31203230 
 1610      31363036 
 1611 01bc 616E6368 		.ascii	"anch revision 237715] -mcpu=cortex-m0 -mthumb -g -O"
 1611      20726576 
 1611      6973696F 
 1611      6E203233 
 1611      37373135 
 1612 01ef 67202D66 		.ascii	"g -ffunction-sections -ffat-lto-objects\000"
 1612      66756E63 
 1612      74696F6E 
 1612      2D736563 
 1612      74696F6E 
 1613              	.LASF34:
 1614 0217 6366675F 		.ascii	"cfg_memset_t\000"
 1614      6D656D73 
 1614      65745F74 
 1614      00
 1615              	.LASF25:
 1616 0224 62617365 		.ascii	"baseAddr\000"
 1616      41646472 
 1616      00
 1617              	.LASF10:
 1618 022d 73697A65 		.ascii	"sizetype\000"
 1618      74797065 
 1618      00
 1619              	.LASF6:
 1620 0236 73686F72 		.ascii	"short unsigned int\000"
 1620      7420756E 
 1620      7369676E 
 1620      65642069 
 1620      6E7400
 1621              	.LASF1:
 1622 0249 6C6F6E67 		.ascii	"long long int\000"
 1622      206C6F6E 
 1622      6720696E 
 1622      7400
 1623              	.LASF11:
 1624 0257 63686172 		.ascii	"char\000"
 1624      00
 1625              	.LASF22:
 1626 025c 63795F63 		.ascii	"cy_cfg_addrvalue_t\000"
 1626      66675F61 
 1626      64647276 
 1626      616C7565 
 1626      5F7400
 1627              	.LASF20:
ARM GAS  C:\Users\HEITKE~1\AppData\Local\Temp\cc08MA2L.s 			page 39


 1628 026f 6F666673 		.ascii	"offset\000"
 1628      657400
 1629              	.LASF5:
 1630 0276 73686F72 		.ascii	"short int\000"
 1630      7420696E 
 1630      7400
 1631              	.LASF36:
 1632 0280 43795379 		.ascii	"CySysClkWriteImoFreq\000"
 1632      73436C6B 
 1632      57726974 
 1632      65496D6F 
 1632      46726571 
 1633              	.LASF7:
 1634 0295 6C6F6E67 		.ascii	"long int\000"
 1634      20696E74 
 1634      00
 1635              	.LASF2:
 1636 029e 6C6F6E67 		.ascii	"long double\000"
 1636      20646F75 
 1636      626C6500 
 1637              	.LASF3:
 1638 02aa 7369676E 		.ascii	"signed char\000"
 1638      65642063 
 1638      68617200 
 1639              	.LASF40:
 1640 02b6 47656E65 		.ascii	"Generated_Source\\PSoC4\\cyfitter_cfg.c\000"
 1640      72617465 
 1640      645F536F 
 1640      75726365 
 1640      5C50536F 
 1641              		.ident	"GCC: (GNU Tools for ARM Embedded Processors) 5.4.1 20160609 (release) [ARM/embedded-5-bran
