Loading plugins phase: Elapsed time ==> 0s.099ms
<CYPRESSTAG name="CyDsfit arguments...">
cydsfit arguments: -.fdsnotice -.fdswarpdepfile=warp_dependencies.txt -.fdselabdepfile=elab_dependencies.txt -.fdsbldfile=generated_files.txt -.fdsreffile=referenced_files.txt -p C:\Users\heitkemperpe\Documents\PSoC Creator\Workspace01\Design01.cydsn\Design01.cyprj -d CY8C4247AZI-M485 -s C:\Users\heitkemperpe\Documents\PSoC Creator\Workspace01\Design01.cydsn\Generated_Source\PSoC4 -- -yv2 -q10 -ygs -o2 -v3 -.fftcfgtype=LE
</CYPRESSTAG>
<CYPRESSTAG name="Design elaboration results...">
</CYPRESSTAG>
Elaboration phase: Elapsed time ==> 0s.440ms
<CYPRESSTAG name="HDL generation results...">
</CYPRESSTAG>
HDL generation phase: Elapsed time ==> 0s.039ms
<CYPRESSTAG name="Synthesis results...">

     | | | | | | |
   _________________
  -|               |-
  -|               |-
  -|               |-
  -|    CYPRESS    |-
  -|               |-
  -|               |-   Warp Verilog Synthesis Compiler: Version 6.3 IR 41
  -|               |-   Copyright (C) 1991-2001 Cypress Semiconductor
   |_______________|
     | | | | | | |

======================================================================
Compiling:  Design01.v
Program  :   C:\Program Files (x86)\Cypress\PSoC Creator\4.1\PSoC Creator\warp\bin\warp.exe
Options  :    -yv2 -q10 -ygs -o2 -v3 -.fftcfgtype=LE -ya -.fftprj=C:\Users\heitkemperpe\Documents\PSoC Creator\Workspace01\Design01.cydsn\Design01.cyprj -dcpsoc3 Design01.v -verilog
======================================================================

======================================================================
Compiling:  Design01.v
Program  :   C:\Program Files (x86)\Cypress\PSoC Creator\4.1\PSoC Creator\warp\bin\warp.exe
Options  :    -yv2 -q10 -ygs -o2 -v3 -.fftcfgtype=LE -ya -.fftprj=C:\Users\heitkemperpe\Documents\PSoC Creator\Workspace01\Design01.cydsn\Design01.cyprj -dcpsoc3 Design01.v -verilog
======================================================================

======================================================================
Compiling:  Design01.v
Program  :   vlogfe
Options  :    -yv2 -q10 -ygs -o2 -v3 -.fftcfgtype=LE -ya -.fftprj=C:\Users\heitkemperpe\Documents\PSoC Creator\Workspace01\Design01.cydsn\Design01.cyprj -dcpsoc3 -verilog Design01.v
======================================================================

vlogfe V6.3 IR 41:  Verilog parser
Wed Nov 28 15:52:28 2018


======================================================================
Compiling:  Design01.v
Program  :   vpp
Options  :    -yv2 -q10 Design01.v
======================================================================

vpp V6.3 IR 41:  Verilog Pre-Processor
Wed Nov 28 15:52:28 2018

Flattening file 'C:\Program Files (x86)\Cypress\PSoC Creator\4.1\PSoC Creator\psoc\content\CyComponentLibrary\CyComponentLibrary.cylib\LUT_v1_50\LUT_v1_50.v'
Flattening file 'C:\Program Files (x86)\Cypress\PSoC Creator\4.1\PSoC Creator\psoc\content\CyComponentLibrary\CyComponentLibrary.cylib\FreqDiv_v1_0\FreqDiv_v1_0.v'
Flattening file 'C:\Program Files (x86)\Cypress\PSoC Creator\4.1\PSoC Creator\warp\lib\common\cypress.v'
Flattening file 'C:\Program Files (x86)\Cypress\PSoC Creator\4.1\PSoC Creator\warp\lib\common\cy_psoc3_inc.v'
Flattening file 'C:\Program Files (x86)\Cypress\PSoC Creator\4.1\PSoC Creator\psoc\content\CyPrimitives\cyprimitives.cylib\cy_constant_v1_0\cy_constant_v1_0.v'

vpp:  No errors.

Library 'work' => directory 'lcpsoc3'
General_symbol_table
General_symbol_table
Linking 'C:\Program Files (x86)\Cypress\PSoC Creator\4.1\PSoC Creator\warp\lib\common\std.vhd'.
Linking 'C:\Program Files (x86)\Cypress\PSoC Creator\4.1\PSoC Creator\warp\lib\common\cypress.vhd'.
Linking 'C:\Program Files (x86)\Cypress\PSoC Creator\4.1\PSoC Creator\warp\lib\common\work\cypress.vif'.
Linking 'C:\Program Files (x86)\Cypress\PSoC Creator\4.1\PSoC Creator\warp\lib\ieee\work\stdlogic.vif'.
Linking 'C:\Program Files (x86)\Cypress\PSoC Creator\4.1\PSoC Creator\warp\lib\common\stdlogic\lpmpkg.vif'.
Linking 'C:\Program Files (x86)\Cypress\PSoC Creator\4.1\PSoC Creator\warp\lib\common\stdlogic\rtlpkg.vif'.
Linking 'C:\Program Files (x86)\Cypress\PSoC Creator\4.1\PSoC Creator\warp\lib\common\stdlogic\mod_cnst.vif'.
Linking 'C:\Program Files (x86)\Cypress\PSoC Creator\4.1\PSoC Creator\warp\lib\common\stdlogic\mod_mthv.vif'.
Linking 'C:\Program Files (x86)\Cypress\PSoC Creator\4.1\PSoC Creator\warp\lib\common\stdlogic\mod_genv.vif'.
Using control file 'Design01.ctl'.
C:\Program Files (x86)\Cypress\PSoC Creator\4.1\PSoC Creator\psoc\content\CyComponentLibrary\CyComponentLibrary.cylib\FreqDiv_v1_0\FreqDiv_v1_0.v (line 79, col 40):  Note: Substituting module 'add_vi_vv' for '+'.
C:\Program Files (x86)\Cypress\PSoC Creator\4.1\PSoC Creator\psoc\content\CyComponentLibrary\CyComponentLibrary.cylib\FreqDiv_v1_0\FreqDiv_v1_0.v (line 88, col 40):  Note: Substituting module 'add_vi_vv' for '+'.

vlogfe:  No errors.


======================================================================
Compiling:  Design01.v
Program  :   tovif
Options  :    -yv2 -q10 -ygs -o2 -v3 -.fftcfgtype=LE -ya -.fftprj=C:\Users\heitkemperpe\Documents\PSoC Creator\Workspace01\Design01.cydsn\Design01.cyprj -dcpsoc3 -verilog Design01.v
======================================================================

tovif V6.3 IR 41:  High-level synthesis
Wed Nov 28 15:52:29 2018

Linking 'C:\Program Files (x86)\Cypress\PSoC Creator\4.1\PSoC Creator\warp\lib\common\std.vhd'.
Linking 'C:\Program Files (x86)\Cypress\PSoC Creator\4.1\PSoC Creator\warp\lib\common\cypress.vhd'.
Linking 'C:\Program Files (x86)\Cypress\PSoC Creator\4.1\PSoC Creator\warp\lib\common\work\cypress.vif'.
Linking 'C:\Program Files (x86)\Cypress\PSoC Creator\4.1\PSoC Creator\warp\lib\ieee\work\stdlogic.vif'.
Linking 'C:\Program Files (x86)\Cypress\PSoC Creator\4.1\PSoC Creator\warp\lib\common\stdlogic\lpmpkg.vif'.
Linking 'C:\Program Files (x86)\Cypress\PSoC Creator\4.1\PSoC Creator\warp\lib\common\stdlogic\rtlpkg.vif'.
Linking 'C:\Program Files (x86)\Cypress\PSoC Creator\4.1\PSoC Creator\warp\lib\common\stdlogic\mod_cnst.vif'.
Linking 'C:\Program Files (x86)\Cypress\PSoC Creator\4.1\PSoC Creator\warp\lib\common\stdlogic\mod_mthv.vif'.
Linking 'C:\Program Files (x86)\Cypress\PSoC Creator\4.1\PSoC Creator\warp\lib\common\stdlogic\mod_genv.vif'.
Linking 'C:\Users\heitkemperpe\Documents\PSoC Creator\Workspace01\Design01.cydsn\codegentemp\Design01.ctl'.
Linking 'C:\Program Files (x86)\Cypress\PSoC Creator\4.1\PSoC Creator\psoc\content\CyComponentLibrary\CyComponentLibrary.cylib\LUT_v1_50\LUT_v1_50.v'.
Linking 'C:\Users\heitkemperpe\Documents\PSoC Creator\Workspace01\Design01.cydsn\codegentemp\Design01.v'.
Linking 'C:\Program Files (x86)\Cypress\PSoC Creator\4.1\PSoC Creator\psoc\content\CyComponentLibrary\CyComponentLibrary.cylib\FreqDiv_v1_0\FreqDiv_v1_0.v'.
Linking 'C:\Program Files (x86)\Cypress\PSoC Creator\4.1\PSoC Creator\warp\lib\common\cypress.v'.
Linking 'C:\Program Files (x86)\Cypress\PSoC Creator\4.1\PSoC Creator\warp\lib\common\cy_psoc3_inc.v'.
Linking 'C:\Program Files (x86)\Cypress\PSoC Creator\4.1\PSoC Creator\psoc\content\CyPrimitives\cyprimitives.cylib\cy_constant_v1_0\cy_constant_v1_0.v'.
Linking 'C:\Program Files (x86)\Cypress\PSoC Creator\4.1\PSoC Creator\warp\lib\lcpsoc3\stdlogic\mod_cnst.vif'.

tovif:  No errors.


======================================================================
Compiling:  Design01.v
Program  :   topld
Options  :    -yv2 -q10 -ygs -o2 -v3 -.fftcfgtype=LE -ya -.fftprj=C:\Users\heitkemperpe\Documents\PSoC Creator\Workspace01\Design01.cydsn\Design01.cyprj -dcpsoc3 -verilog Design01.v
======================================================================

topld V6.3 IR 41:  Synthesis and optimization
Wed Nov 28 15:52:29 2018

Linking 'C:\Program Files (x86)\Cypress\PSoC Creator\4.1\PSoC Creator\warp\lib\common\std.vhd'.
Linking 'C:\Program Files (x86)\Cypress\PSoC Creator\4.1\PSoC Creator\warp\lib\common\cypress.vhd'.
Linking 'C:\Program Files (x86)\Cypress\PSoC Creator\4.1\PSoC Creator\warp\lib\common\work\cypress.vif'.
Linking 'C:\Program Files (x86)\Cypress\PSoC Creator\4.1\PSoC Creator\warp\lib\ieee\work\stdlogic.vif'.
Linking 'C:\Program Files (x86)\Cypress\PSoC Creator\4.1\PSoC Creator\warp\lib\common\stdlogic\lpmpkg.vif'.
Linking 'C:\Program Files (x86)\Cypress\PSoC Creator\4.1\PSoC Creator\warp\lib\common\stdlogic\rtlpkg.vif'.
Linking 'C:\Program Files (x86)\Cypress\PSoC Creator\4.1\PSoC Creator\warp\lib\common\stdlogic\mod_cnst.vif'.
Linking 'C:\Program Files (x86)\Cypress\PSoC Creator\4.1\PSoC Creator\warp\lib\common\stdlogic\mod_mthv.vif'.
Linking 'C:\Program Files (x86)\Cypress\PSoC Creator\4.1\PSoC Creator\warp\lib\common\stdlogic\mod_genv.vif'.
Linking 'C:\Users\heitkemperpe\Documents\PSoC Creator\Workspace01\Design01.cydsn\codegentemp\Design01.ctl'.
Linking 'C:\Program Files (x86)\Cypress\PSoC Creator\4.1\PSoC Creator\psoc\content\CyComponentLibrary\CyComponentLibrary.cylib\LUT_v1_50\LUT_v1_50.v'.
Linking 'C:\Users\heitkemperpe\Documents\PSoC Creator\Workspace01\Design01.cydsn\codegentemp\Design01.v'.
Linking 'C:\Program Files (x86)\Cypress\PSoC Creator\4.1\PSoC Creator\psoc\content\CyComponentLibrary\CyComponentLibrary.cylib\FreqDiv_v1_0\FreqDiv_v1_0.v'.
Linking 'C:\Program Files (x86)\Cypress\PSoC Creator\4.1\PSoC Creator\warp\lib\common\cypress.v'.
Linking 'C:\Program Files (x86)\Cypress\PSoC Creator\4.1\PSoC Creator\warp\lib\common\cy_psoc3_inc.v'.
Linking 'C:\Program Files (x86)\Cypress\PSoC Creator\4.1\PSoC Creator\psoc\content\CyPrimitives\cyprimitives.cylib\cy_constant_v1_0\cy_constant_v1_0.v'.
Linking 'C:\Program Files (x86)\Cypress\PSoC Creator\4.1\PSoC Creator\warp\lib\lcpsoc3\stdlogic\mod_cnst.vif'.
Linking 'C:\Program Files (x86)\Cypress\PSoC Creator\4.1\PSoC Creator\warp\lib\lcpsoc3\stdlogic\cpsoc3.vif'.

----------------------------------------------------------
Detecting unused logic.
----------------------------------------------------------
    User names
	\FreqDiv_1:MODULE_1:b_31\
	\FreqDiv_1:MODULE_1:b_30\
	\FreqDiv_1:MODULE_1:b_29\
	\FreqDiv_1:MODULE_1:b_28\
	\FreqDiv_1:MODULE_1:b_27\
	\FreqDiv_1:MODULE_1:b_26\
	\FreqDiv_1:MODULE_1:b_25\
	\FreqDiv_1:MODULE_1:b_24\
	\FreqDiv_1:MODULE_1:b_23\
	\FreqDiv_1:MODULE_1:b_22\
	\FreqDiv_1:MODULE_1:b_21\
	\FreqDiv_1:MODULE_1:b_20\
	\FreqDiv_1:MODULE_1:b_19\
	\FreqDiv_1:MODULE_1:b_18\
	\FreqDiv_1:MODULE_1:b_17\
	\FreqDiv_1:MODULE_1:b_16\
	\FreqDiv_1:MODULE_1:b_15\
	\FreqDiv_1:MODULE_1:b_14\
	\FreqDiv_1:MODULE_1:b_13\
	\FreqDiv_1:MODULE_1:b_12\
	\FreqDiv_1:MODULE_1:b_11\
	\FreqDiv_1:MODULE_1:b_10\
	\FreqDiv_1:MODULE_1:b_9\
	\FreqDiv_1:MODULE_1:b_8\
	\FreqDiv_1:MODULE_1:b_7\
	\FreqDiv_1:MODULE_1:b_6\
	\FreqDiv_1:MODULE_1:b_5\
	\FreqDiv_1:MODULE_1:b_4\
	\FreqDiv_1:MODULE_1:b_3\
	\FreqDiv_1:MODULE_1:b_2\
	\FreqDiv_1:MODULE_1:b_1\
	\FreqDiv_1:MODULE_1:b_0\
	\FreqDiv_1:MODULE_1:g2:a0:a_31\
	\FreqDiv_1:MODULE_1:g2:a0:a_30\
	\FreqDiv_1:MODULE_1:g2:a0:a_29\
	\FreqDiv_1:MODULE_1:g2:a0:a_28\
	\FreqDiv_1:MODULE_1:g2:a0:a_27\
	\FreqDiv_1:MODULE_1:g2:a0:a_26\
	\FreqDiv_1:MODULE_1:g2:a0:a_25\
	\FreqDiv_1:MODULE_1:g2:a0:a_24\
	\FreqDiv_1:MODULE_1:g2:a0:b_31\
	\FreqDiv_1:MODULE_1:g2:a0:b_30\
	\FreqDiv_1:MODULE_1:g2:a0:b_29\
	\FreqDiv_1:MODULE_1:g2:a0:b_28\
	\FreqDiv_1:MODULE_1:g2:a0:b_27\
	\FreqDiv_1:MODULE_1:g2:a0:b_26\
	\FreqDiv_1:MODULE_1:g2:a0:b_25\
	\FreqDiv_1:MODULE_1:g2:a0:b_24\
	\FreqDiv_1:MODULE_1:g2:a0:b_23\
	\FreqDiv_1:MODULE_1:g2:a0:b_22\
	\FreqDiv_1:MODULE_1:g2:a0:b_21\
	\FreqDiv_1:MODULE_1:g2:a0:b_20\
	\FreqDiv_1:MODULE_1:g2:a0:b_19\
	\FreqDiv_1:MODULE_1:g2:a0:b_18\
	\FreqDiv_1:MODULE_1:g2:a0:b_17\
	\FreqDiv_1:MODULE_1:g2:a0:b_16\
	\FreqDiv_1:MODULE_1:g2:a0:b_15\
	\FreqDiv_1:MODULE_1:g2:a0:b_14\
	\FreqDiv_1:MODULE_1:g2:a0:b_13\
	\FreqDiv_1:MODULE_1:g2:a0:b_12\
	\FreqDiv_1:MODULE_1:g2:a0:b_11\
	\FreqDiv_1:MODULE_1:g2:a0:b_10\
	\FreqDiv_1:MODULE_1:g2:a0:b_9\
	\FreqDiv_1:MODULE_1:g2:a0:b_8\
	\FreqDiv_1:MODULE_1:g2:a0:b_7\
	\FreqDiv_1:MODULE_1:g2:a0:b_6\
	\FreqDiv_1:MODULE_1:g2:a0:b_5\
	\FreqDiv_1:MODULE_1:g2:a0:b_4\
	\FreqDiv_1:MODULE_1:g2:a0:b_3\
	\FreqDiv_1:MODULE_1:g2:a0:b_2\
	\FreqDiv_1:MODULE_1:g2:a0:b_1\
	\FreqDiv_1:MODULE_1:g2:a0:b_0\
	\FreqDiv_1:MODULE_1:g2:a0:s_31\
	\FreqDiv_1:MODULE_1:g2:a0:s_30\
	\FreqDiv_1:MODULE_1:g2:a0:s_29\
	\FreqDiv_1:MODULE_1:g2:a0:s_28\
	\FreqDiv_1:MODULE_1:g2:a0:s_27\
	\FreqDiv_1:MODULE_1:g2:a0:s_26\
	\FreqDiv_1:MODULE_1:g2:a0:s_25\
	\FreqDiv_1:MODULE_1:g2:a0:s_24\
	\FreqDiv_1:MODULE_1:g2:a0:s_23\
	\FreqDiv_1:MODULE_1:g2:a0:s_22\
	\FreqDiv_1:MODULE_1:g2:a0:s_21\
	\FreqDiv_1:MODULE_1:g2:a0:s_20\
	\FreqDiv_1:MODULE_1:g2:a0:s_19\
	\FreqDiv_1:MODULE_1:g2:a0:s_18\
	\FreqDiv_1:MODULE_1:g2:a0:s_17\
	\FreqDiv_1:MODULE_1:g2:a0:s_16\
	\FreqDiv_1:MODULE_1:g2:a0:s_15\
	\FreqDiv_1:MODULE_1:g2:a0:s_14\
	\FreqDiv_1:MODULE_1:g2:a0:s_13\
	\FreqDiv_1:MODULE_1:g2:a0:s_12\
	\FreqDiv_1:MODULE_1:g2:a0:s_11\
	\FreqDiv_1:MODULE_1:g2:a0:s_10\
	\FreqDiv_1:MODULE_1:g2:a0:s_9\
	\FreqDiv_1:MODULE_1:g2:a0:s_8\
	\FreqDiv_1:MODULE_1:g2:a0:s_7\
	\FreqDiv_1:MODULE_1:g2:a0:s_6\
	\FreqDiv_1:MODULE_1:g2:a0:s_5\
	\FreqDiv_1:MODULE_1:g2:a0:s_4\
	\FreqDiv_1:MODULE_1:g2:a0:s_3\
	\FreqDiv_1:MODULE_1:g2:a0:s_2\
	\FreqDiv_1:MODULE_1:g2:a0:s_1\
	\FreqDiv_1:MODULE_1:g2:a0:g1:z1:s0:g1:u0:c_31\
	\FreqDiv_1:MODULE_1:g2:a0:g1:z1:s0:g1:u0:c_30\
	\FreqDiv_1:MODULE_1:g2:a0:g1:z1:s0:g1:u0:c_29\
	\FreqDiv_1:MODULE_1:g2:a0:g1:z1:s0:g1:u0:c_28\
	\FreqDiv_1:MODULE_1:g2:a0:g1:z1:s0:g1:u0:c_27\
	\FreqDiv_1:MODULE_1:g2:a0:g1:z1:s0:g1:u0:c_26\
	\FreqDiv_1:MODULE_1:g2:a0:g1:z1:s0:g1:u0:c_25\

    Synthesized names
	\FreqDiv_1:add_vi_vv_MODGEN_1_31\
	\FreqDiv_1:add_vi_vv_MODGEN_1_30\
	\FreqDiv_1:add_vi_vv_MODGEN_1_29\
	\FreqDiv_1:add_vi_vv_MODGEN_1_28\
	\FreqDiv_1:add_vi_vv_MODGEN_1_27\
	\FreqDiv_1:add_vi_vv_MODGEN_1_26\
	\FreqDiv_1:add_vi_vv_MODGEN_1_25\
	\FreqDiv_1:add_vi_vv_MODGEN_1_24\
	\FreqDiv_1:add_vi_vv_MODGEN_1_23\
	\FreqDiv_1:add_vi_vv_MODGEN_1_22\
	\FreqDiv_1:add_vi_vv_MODGEN_1_21\
	\FreqDiv_1:add_vi_vv_MODGEN_1_20\
	\FreqDiv_1:add_vi_vv_MODGEN_1_19\
	\FreqDiv_1:add_vi_vv_MODGEN_1_18\
	\FreqDiv_1:add_vi_vv_MODGEN_1_17\
	\FreqDiv_1:add_vi_vv_MODGEN_1_16\
	\FreqDiv_1:add_vi_vv_MODGEN_1_15\
	\FreqDiv_1:add_vi_vv_MODGEN_1_14\
	\FreqDiv_1:add_vi_vv_MODGEN_1_13\
	\FreqDiv_1:add_vi_vv_MODGEN_1_12\
	\FreqDiv_1:add_vi_vv_MODGEN_1_11\
	\FreqDiv_1:add_vi_vv_MODGEN_1_10\
	\FreqDiv_1:add_vi_vv_MODGEN_1_9\
	\FreqDiv_1:add_vi_vv_MODGEN_1_8\
	\FreqDiv_1:add_vi_vv_MODGEN_1_7\
	\FreqDiv_1:add_vi_vv_MODGEN_1_6\
	\FreqDiv_1:add_vi_vv_MODGEN_1_5\
	\FreqDiv_1:add_vi_vv_MODGEN_1_4\
	\FreqDiv_1:add_vi_vv_MODGEN_1_3\
	\FreqDiv_1:add_vi_vv_MODGEN_1_2\
	\FreqDiv_1:add_vi_vv_MODGEN_1_1\

Deleted 110 User equations/components.
Deleted 31 Synthesized equations/components.

------------------------------------------------------
Alias Detection
------------------------------------------------------
Aliasing one to tmpOE__X_net_0
Aliasing tmpOE__out0_net_0 to tmpOE__X_net_0
Aliasing tmpOE__out1_net_0 to tmpOE__X_net_0
Aliasing Net_22 to zero
Aliasing Net_25 to tmpOE__X_net_0
Aliasing \FreqDiv_1:MODULE_1:g2:a0:a_23\ to zero
Aliasing \FreqDiv_1:MODULE_1:g2:a0:a_22\ to zero
Aliasing \FreqDiv_1:MODULE_1:g2:a0:a_21\ to zero
Aliasing \FreqDiv_1:MODULE_1:g2:a0:a_20\ to zero
Aliasing \FreqDiv_1:MODULE_1:g2:a0:a_19\ to zero
Aliasing \FreqDiv_1:MODULE_1:g2:a0:a_18\ to zero
Aliasing \FreqDiv_1:MODULE_1:g2:a0:a_17\ to zero
Aliasing \FreqDiv_1:MODULE_1:g2:a0:a_16\ to zero
Aliasing \FreqDiv_1:MODULE_1:g2:a0:a_15\ to zero
Aliasing \FreqDiv_1:MODULE_1:g2:a0:a_14\ to zero
Aliasing \FreqDiv_1:MODULE_1:g2:a0:a_13\ to zero
Aliasing \FreqDiv_1:MODULE_1:g2:a0:a_12\ to zero
Aliasing \FreqDiv_1:MODULE_1:g2:a0:a_11\ to zero
Aliasing \FreqDiv_1:MODULE_1:g2:a0:a_10\ to zero
Aliasing \FreqDiv_1:MODULE_1:g2:a0:a_9\ to zero
Aliasing \FreqDiv_1:MODULE_1:g2:a0:a_8\ to zero
Aliasing \FreqDiv_1:MODULE_1:g2:a0:a_7\ to zero
Aliasing \FreqDiv_1:MODULE_1:g2:a0:a_6\ to zero
Aliasing \FreqDiv_1:MODULE_1:g2:a0:a_5\ to zero
Aliasing \FreqDiv_1:MODULE_1:g2:a0:a_4\ to zero
Aliasing \FreqDiv_1:MODULE_1:g2:a0:a_3\ to zero
Aliasing \FreqDiv_1:MODULE_1:g2:a0:a_2\ to zero
Aliasing \FreqDiv_1:MODULE_1:g2:a0:a_1\ to zero
Aliasing \FreqDiv_1:MODULE_1:g2:a0:g1:z1:s0:g1:u0:b_0\ to tmpOE__X_net_0
Removing Lhs of wire \LUT_1:tmp__LUT_1_ins_2\[0] = Net_6[1]
Removing Rhs of wire Net_6[1] = \LUT_1:tmp__LUT_1_reg_1\[7]
Removing Lhs of wire \LUT_1:tmp__LUT_1_ins_1\[2] = Net_2[3]
Removing Rhs of wire Net_2[3] = \LUT_1:tmp__LUT_1_reg_0\[8]
Removing Lhs of wire \LUT_1:tmp__LUT_1_ins_0\[4] = Net_1[5]
Removing Lhs of wire one[14] = tmpOE__X_net_0[10]
Removing Lhs of wire tmpOE__out0_net_0[17] = tmpOE__X_net_0[10]
Removing Lhs of wire tmpOE__out1_net_0[23] = tmpOE__X_net_0[10]
Removing Lhs of wire Net_22[31] = zero[11]
Removing Lhs of wire Net_25[32] = tmpOE__X_net_0[10]
Removing Lhs of wire \FreqDiv_1:add_vi_vv_MODGEN_1_0\[34] = \FreqDiv_1:MODULE_1:g2:a0:s_0\[194]
Removing Lhs of wire \FreqDiv_1:MODULE_1:g2:a0:a_23\[75] = zero[11]
Removing Lhs of wire \FreqDiv_1:MODULE_1:g2:a0:a_22\[76] = zero[11]
Removing Lhs of wire \FreqDiv_1:MODULE_1:g2:a0:a_21\[77] = zero[11]
Removing Lhs of wire \FreqDiv_1:MODULE_1:g2:a0:a_20\[78] = zero[11]
Removing Lhs of wire \FreqDiv_1:MODULE_1:g2:a0:a_19\[79] = zero[11]
Removing Lhs of wire \FreqDiv_1:MODULE_1:g2:a0:a_18\[80] = zero[11]
Removing Lhs of wire \FreqDiv_1:MODULE_1:g2:a0:a_17\[81] = zero[11]
Removing Lhs of wire \FreqDiv_1:MODULE_1:g2:a0:a_16\[82] = zero[11]
Removing Lhs of wire \FreqDiv_1:MODULE_1:g2:a0:a_15\[83] = zero[11]
Removing Lhs of wire \FreqDiv_1:MODULE_1:g2:a0:a_14\[84] = zero[11]
Removing Lhs of wire \FreqDiv_1:MODULE_1:g2:a0:a_13\[85] = zero[11]
Removing Lhs of wire \FreqDiv_1:MODULE_1:g2:a0:a_12\[86] = zero[11]
Removing Lhs of wire \FreqDiv_1:MODULE_1:g2:a0:a_11\[87] = zero[11]
Removing Lhs of wire \FreqDiv_1:MODULE_1:g2:a0:a_10\[88] = zero[11]
Removing Lhs of wire \FreqDiv_1:MODULE_1:g2:a0:a_9\[89] = zero[11]
Removing Lhs of wire \FreqDiv_1:MODULE_1:g2:a0:a_8\[90] = zero[11]
Removing Lhs of wire \FreqDiv_1:MODULE_1:g2:a0:a_7\[91] = zero[11]
Removing Lhs of wire \FreqDiv_1:MODULE_1:g2:a0:a_6\[92] = zero[11]
Removing Lhs of wire \FreqDiv_1:MODULE_1:g2:a0:a_5\[93] = zero[11]
Removing Lhs of wire \FreqDiv_1:MODULE_1:g2:a0:a_4\[94] = zero[11]
Removing Lhs of wire \FreqDiv_1:MODULE_1:g2:a0:a_3\[95] = zero[11]
Removing Lhs of wire \FreqDiv_1:MODULE_1:g2:a0:a_2\[96] = zero[11]
Removing Lhs of wire \FreqDiv_1:MODULE_1:g2:a0:a_1\[97] = zero[11]
Removing Lhs of wire \FreqDiv_1:MODULE_1:g2:a0:a_0\[98] = \FreqDiv_1:MODIN1_0\[99]
Removing Lhs of wire \FreqDiv_1:MODIN1_0\[99] = \FreqDiv_1:count_0\[33]
Removing Lhs of wire \FreqDiv_1:MODULE_1:g2:a0:g1:z1:s0:g1:u0:c_0\[232] = tmpOE__X_net_0[10]
Removing Lhs of wire \FreqDiv_1:MODULE_1:g2:a0:g1:z1:s0:g1:u0:b_0\[233] = tmpOE__X_net_0[10]

------------------------------------------------------
Aliased 0 equations, 38 wires.
------------------------------------------------------

----------------------------------------------------------
Circuit simplification
----------------------------------------------------------

Substituting virtuals - pass 1:

Note:  Expanding virtual equation for 'tmpOE__X_net_0' (cost = 0):
tmpOE__X_net_0 <=  ('1') ;

Note:  Expanding virtual equation for 'zero' (cost = 0):
zero <=  ('0') ;

Note:  Expanding virtual equation for '\FreqDiv_1:MODULE_1:g2:a0:s_0\' (cost = 0):
\FreqDiv_1:MODULE_1:g2:a0:s_0\ <= (not \FreqDiv_1:count_0\);

Note:  Expanding virtual equation for '\FreqDiv_1:MODULE_1:g2:a0:g1:z1:s0:g1:u0:c_17\' (cost = 0):
\FreqDiv_1:MODULE_1:g2:a0:g1:z1:s0:g1:u0:c_17\ <=  ('0') ;

Note:  Expanding virtual equation for '\FreqDiv_1:MODULE_1:g2:a0:g1:z1:s0:g1:u0:c_9\' (cost = 0):
\FreqDiv_1:MODULE_1:g2:a0:g1:z1:s0:g1:u0:c_9\ <=  ('0') ;

Note:  Expanding virtual equation for '\FreqDiv_1:MODULE_1:g2:a0:g1:z1:s0:g1:u0:c_1\' (cost = 0):
\FreqDiv_1:MODULE_1:g2:a0:g1:z1:s0:g1:u0:c_1\ <= (\FreqDiv_1:count_0\);


Substituting virtuals - pass 2:

Note:  Expanding virtual equation for '\FreqDiv_1:MODULE_1:g2:a0:g1:z1:s0:g1:u0:c_18\' (cost = 0):
\FreqDiv_1:MODULE_1:g2:a0:g1:z1:s0:g1:u0:c_18\ <=  ('0') ;

Note:  Expanding virtual equation for '\FreqDiv_1:MODULE_1:g2:a0:g1:z1:s0:g1:u0:c_10\' (cost = 0):
\FreqDiv_1:MODULE_1:g2:a0:g1:z1:s0:g1:u0:c_10\ <=  ('0') ;

Note:  Expanding virtual equation for '\FreqDiv_1:MODULE_1:g2:a0:g1:z1:s0:g1:u0:c_2\' (cost = 0):
\FreqDiv_1:MODULE_1:g2:a0:g1:z1:s0:g1:u0:c_2\ <=  ('0') ;


Substituting virtuals - pass 3:

Note:  Expanding virtual equation for '\FreqDiv_1:MODULE_1:g2:a0:g1:z1:s0:g1:u0:c_19\' (cost = 0):
\FreqDiv_1:MODULE_1:g2:a0:g1:z1:s0:g1:u0:c_19\ <=  ('0') ;

Note:  Expanding virtual equation for '\FreqDiv_1:MODULE_1:g2:a0:g1:z1:s0:g1:u0:c_11\' (cost = 0):
\FreqDiv_1:MODULE_1:g2:a0:g1:z1:s0:g1:u0:c_11\ <=  ('0') ;

Note:  Expanding virtual equation for '\FreqDiv_1:MODULE_1:g2:a0:g1:z1:s0:g1:u0:c_3\' (cost = 0):
\FreqDiv_1:MODULE_1:g2:a0:g1:z1:s0:g1:u0:c_3\ <=  ('0') ;


Substituting virtuals - pass 4:

Note:  Expanding virtual equation for '\FreqDiv_1:MODULE_1:g2:a0:g1:z1:s0:g1:u0:c_20\' (cost = 0):
\FreqDiv_1:MODULE_1:g2:a0:g1:z1:s0:g1:u0:c_20\ <=  ('0') ;

Note:  Expanding virtual equation for '\FreqDiv_1:MODULE_1:g2:a0:g1:z1:s0:g1:u0:c_12\' (cost = 0):
\FreqDiv_1:MODULE_1:g2:a0:g1:z1:s0:g1:u0:c_12\ <=  ('0') ;

Note:  Expanding virtual equation for '\FreqDiv_1:MODULE_1:g2:a0:g1:z1:s0:g1:u0:c_4\' (cost = 0):
\FreqDiv_1:MODULE_1:g2:a0:g1:z1:s0:g1:u0:c_4\ <=  ('0') ;


Substituting virtuals - pass 5:

Note:  Expanding virtual equation for '\FreqDiv_1:MODULE_1:g2:a0:g1:z1:s0:g1:u0:c_21\' (cost = 0):
\FreqDiv_1:MODULE_1:g2:a0:g1:z1:s0:g1:u0:c_21\ <=  ('0') ;

Note:  Expanding virtual equation for '\FreqDiv_1:MODULE_1:g2:a0:g1:z1:s0:g1:u0:c_13\' (cost = 0):
\FreqDiv_1:MODULE_1:g2:a0:g1:z1:s0:g1:u0:c_13\ <=  ('0') ;

Note:  Expanding virtual equation for '\FreqDiv_1:MODULE_1:g2:a0:g1:z1:s0:g1:u0:c_5\' (cost = 0):
\FreqDiv_1:MODULE_1:g2:a0:g1:z1:s0:g1:u0:c_5\ <=  ('0') ;


Substituting virtuals - pass 6:

Note:  Expanding virtual equation for '\FreqDiv_1:MODULE_1:g2:a0:g1:z1:s0:g1:u0:c_22\' (cost = 0):
\FreqDiv_1:MODULE_1:g2:a0:g1:z1:s0:g1:u0:c_22\ <=  ('0') ;

Note:  Expanding virtual equation for '\FreqDiv_1:MODULE_1:g2:a0:g1:z1:s0:g1:u0:c_14\' (cost = 0):
\FreqDiv_1:MODULE_1:g2:a0:g1:z1:s0:g1:u0:c_14\ <=  ('0') ;

Note:  Expanding virtual equation for '\FreqDiv_1:MODULE_1:g2:a0:g1:z1:s0:g1:u0:c_6\' (cost = 0):
\FreqDiv_1:MODULE_1:g2:a0:g1:z1:s0:g1:u0:c_6\ <=  ('0') ;


Substituting virtuals - pass 7:

Note:  Expanding virtual equation for '\FreqDiv_1:MODULE_1:g2:a0:g1:z1:s0:g1:u0:c_23\' (cost = 0):
\FreqDiv_1:MODULE_1:g2:a0:g1:z1:s0:g1:u0:c_23\ <=  ('0') ;

Note:  Expanding virtual equation for '\FreqDiv_1:MODULE_1:g2:a0:g1:z1:s0:g1:u0:c_15\' (cost = 0):
\FreqDiv_1:MODULE_1:g2:a0:g1:z1:s0:g1:u0:c_15\ <=  ('0') ;

Note:  Expanding virtual equation for '\FreqDiv_1:MODULE_1:g2:a0:g1:z1:s0:g1:u0:c_7\' (cost = 0):
\FreqDiv_1:MODULE_1:g2:a0:g1:z1:s0:g1:u0:c_7\ <=  ('0') ;


Substituting virtuals - pass 8:


----------------------------------------------------------
Circuit simplification results:

	Expanded 24 signals.
	Turned 0 signals into soft nodes.
	Maximum default expansion cost was set at 3.
----------------------------------------------------------

------------------------------------------------------
Alias Detection
------------------------------------------------------
Aliasing \FreqDiv_1:MODULE_1:g2:a0:g1:z1:s0:g1:u0:b_24\ to zero
Aliasing \FreqDiv_1:MODULE_1:g2:a0:g1:z1:s0:g1:u0:b_16\ to zero
Aliasing \FreqDiv_1:MODULE_1:g2:a0:g1:z1:s0:g1:u0:b_8\ to zero
Aliasing \FreqDiv_1:not_last_reset\\D\ to tmpOE__X_net_0
Removing Lhs of wire \FreqDiv_1:MODULE_1:g2:a0:g1:z1:s0:g1:u0:b_24\[203] = zero[11]
Removing Lhs of wire \FreqDiv_1:MODULE_1:g2:a0:g1:z1:s0:g1:u0:b_16\[213] = zero[11]
Removing Lhs of wire \FreqDiv_1:MODULE_1:g2:a0:g1:z1:s0:g1:u0:b_8\[223] = zero[11]
Removing Lhs of wire \FreqDiv_1:not_last_reset\\D\[237] = tmpOE__X_net_0[10]

------------------------------------------------------
Aliased 0 equations, 4 wires.
------------------------------------------------------

----------------------------------------------------------
Circuit simplification
----------------------------------------------------------

Eliminating unused logic - pass 1:


Eliminating unused logic - pass 2:


Substituting virtuals - pass 1:


----------------------------------------------------------
Circuit simplification results:

	Expanded 0 signals.
	Turned 0 signals into soft nodes.
	Maximum default expansion cost was set at 3.
----------------------------------------------------------

topld:  No errors.

CYPRESS_DIR    : C:\Program Files (x86)\Cypress\PSoC Creator\4.1\PSoC Creator\warp
Warp Program   : C:\Program Files (x86)\Cypress\PSoC Creator\4.1\PSoC Creator\warp\bin\warp.exe
Warp Arguments : -yv2 -q10 -ygs -o2 -v3 -.fftcfgtype=LE -ya "-.fftprj=C:\Users\heitkemperpe\Documents\PSoC Creator\Workspace01\Design01.cydsn\Design01.cyprj" -dcpsoc3 Design01.v -verilog
</CYPRESSTAG>
Warp synthesis phase: Elapsed time ==> 0s.329ms
<CYPRESSTAG name="Fitter results...">
<CYPRESSTAG name="Fitter startup details...">
cyp3fit: V4.1.0.3210, Family: PSoC3, Started at: Wednesday, 28 November 2018 15:52:29
Options: -yv2 -q10 -ygs -o2 -v3 -.fftcfgtype=LE -ya -.fftprj=C:\Users\heitkemperpe\Documents\PSoC Creator\Workspace01\Design01.cydsn\Design01.cyprj -d CY8C4247AZI-M485 Design01.v -verilog
</CYPRESSTAG>
<CYPRESSTAG name="Design parsing">
Design parsing phase: Elapsed time ==> 0s.000ms
</CYPRESSTAG>
<CYPRESSTAG name="Tech Mapping">
<CYPRESSTAG name="Initial Mapping" icon="FILE_RPT_TECHM">
    Removed wire end \FreqDiv_1:MODULE_1:g2:a0:g1:z1:s0:g1:u0:c_24\ kept zero
    Removed wire end \FreqDiv_1:MODULE_1:g2:a0:g1:z1:s0:g1:u0:c_16\ kept zero
    Removed wire end \FreqDiv_1:MODULE_1:g2:a0:g1:z1:s0:g1:u0:c_8\ kept zero
<CYPRESSTAG name="Global Clock Selection" icon="FILE_RPT_TECHM">
    Digital Clock 0: Automatic-assigning  clock 'Clock_1'. Fanout=3, Signal=Net_24_digital
<CYPRESSTAG name="UDB Clock/Enable Remapping Results">
</CYPRESSTAG>
<CYPRESSTAG name="UDB Routed Clock Assignment">
    Routed Clock: Net_14:macrocell.q
        Effective Clock: ClockGenBlock:m0s8clockgenblockcell.gen_clk_out_0
        Enable Signal: Net_14:macrocell.q
</CYPRESSTAG>
</CYPRESSTAG>

Removing unused cells resulting from optimization
Done removing unused cells.
<CYPRESSTAG name="Duplicate Macrocell detection">
</CYPRESSTAG>
</CYPRESSTAG>
<CYPRESSTAG name="Duplicate Macrocell detection">
</CYPRESSTAG>
<CYPRESSTAG name="Design Equations" icon="FILE_RPT_EQUATION">

------------------------------------------------------------
Design Equations
------------------------------------------------------------
    <CYPRESSTAG name="Pin listing">

    ------------------------------------------------------------
    Pin listing
    ------------------------------------------------------------

    Pin : Name = X(0)
        Attributes:
            In Group/Port: True
            In Sync Option: NOSYNC
            Out Sync Option: AUTO
            Interrupt generated: False
            Interrupt mode: NONE
            Drive mode: HI_Z_DIGITAL
            VTrip: CMOS
            Slew: FAST
            Input Sync needed: False
            Output Sync needed: False
            SC shield enabled: False
            POR State: ANY
            LCD Mode: COMMON
            Register Mode: RegComb
            CaSense Mode: NEITHER
            Treat as pin: True
            Is OE Registered: False
            Uses Analog: False
            Can contain Digital: True
            Is SIO: False
            SIO Output Buf: NONREGULATED
            SIO Input Buf: SINGLE_ENDED
            SIO HiFreq: LOW
            SIO Hyst: DISABLED
            SIO Vtrip: MULTIPLIER_0_5
            SIO Multiplier Index: 0
            SIO RefSel: VCC_IO
            Required Capabilities: DIGITAL, ROUTABLE
            Initial Value: 0
            IO Voltage: 0
        PORT MAP (
            pa_out => X(0)__PA ,
            fb => Net_1 ,
            pad => X(0)_PAD );
        Properties:
        {
        }

    Pin : Name = out0(0)
        Attributes:
            In Group/Port: True
            In Sync Option: AUTO
            Out Sync Option: NOSYNC
            Interrupt generated: False
            Interrupt mode: NONE
            Drive mode: CMOS_OUT
            VTrip: EITHER
            Slew: FAST
            Input Sync needed: False
            Output Sync needed: False
            SC shield enabled: False
            POR State: ANY
            LCD Mode: COMMON
            Register Mode: RegComb
            CaSense Mode: NEITHER
            Treat as pin: True
            Is OE Registered: False
            Uses Analog: False
            Can contain Digital: True
            Is SIO: False
            SIO Output Buf: NONREGULATED
            SIO Input Buf: SINGLE_ENDED
            SIO HiFreq: LOW
            SIO Hyst: DISABLED
            SIO Vtrip: MULTIPLIER_0_5
            SIO Multiplier Index: 0
            SIO RefSel: VCC_IO
            Required Capabilities: DIGITAL, ROUTABLE
            Initial Value: 1
            IO Voltage: 0
        PORT MAP (
            pa_out => out0(0)__PA ,
            pin_input => Net_2 ,
            pad => out0(0)_PAD );
        Properties:
        {
        }

    Pin : Name = out1(0)
        Attributes:
            In Group/Port: True
            In Sync Option: AUTO
            Out Sync Option: NOSYNC
            Interrupt generated: False
            Interrupt mode: NONE
            Drive mode: CMOS_OUT
            VTrip: EITHER
            Slew: FAST
            Input Sync needed: False
            Output Sync needed: False
            SC shield enabled: False
            POR State: ANY
            LCD Mode: COMMON
            Register Mode: RegComb
            CaSense Mode: NEITHER
            Treat as pin: True
            Is OE Registered: False
            Uses Analog: False
            Can contain Digital: True
            Is SIO: False
            SIO Output Buf: NONREGULATED
            SIO Input Buf: SINGLE_ENDED
            SIO HiFreq: LOW
            SIO Hyst: DISABLED
            SIO Vtrip: MULTIPLIER_0_5
            SIO Multiplier Index: 0
            SIO RefSel: VCC_IO
            Required Capabilities: DIGITAL, ROUTABLE
            Initial Value: 1
            IO Voltage: 0
        PORT MAP (
            pa_out => out1(0)__PA ,
            pin_input => Net_6 ,
            pad => out1(0)_PAD );
        Properties:
        {
        }
    </CYPRESSTAG>
    <CYPRESSTAG name="Macrocell listing" icon="FILE_RPT_EQUATION">

    ------------------------------------------------------------
    Macrocell listing
    ------------------------------------------------------------

    MacroCell: Name=Net_14, Mode=(D-Register)
        Total # of inputs        : 2
        Total # of product terms : 1
        List of special equations: 
            Clock  = (Net_24_digital) => Global
            Clock Enable: True
        Main Equation            : 1 pterm
        !(
              \FreqDiv_1:not_last_reset\ * !\FreqDiv_1:count_0\
        );
        Output = Net_14 (fanout=2)

    MacroCell: Name=Net_6, Mode=(D-Register)
        Total # of inputs        : 2
        Total # of product terms : 1
        List of special equations: 
            Clock  = (Net_24_digital) => Global
            Clock Enable: PosEdge(Net_14)
        Main Equation            : 1 pterm
        (
              !Net_6 * Net_2
        );
        Output = Net_6 (fanout=3)

    MacroCell: Name=Net_2, Mode=(T-Register)
        Total # of inputs        : 3
        Total # of product terms : 1
        List of special equations: 
            Clock  = (Net_24_digital) => Global
            Clock Enable: PosEdge(Net_14)
        Main Equation            : 1 pterm
        !(
              !Net_6 * Net_2 * Net_1
        );
        Output = Net_2 (fanout=3)

    MacroCell: Name=\FreqDiv_1:not_last_reset\, Mode=(D-Register)
        Total # of inputs        : 0
        Total # of product terms : 0
        List of special equations: 
            Clock  = (Net_24_digital) => Global
            Clock Enable: True
        Main Equation            : 0 pterms
        !(
            0
        );
        Output = \FreqDiv_1:not_last_reset\ (fanout=2)

    MacroCell: Name=\FreqDiv_1:count_0\, Mode=(T-Register)
        Total # of inputs        : 1
        Total # of product terms : 1
        List of special equations: 
            Clock  = (Net_24_digital) => Global
            Clock Enable: True
        Main Equation            : 1 pterm
        (
              \FreqDiv_1:not_last_reset\
        );
        Output = \FreqDiv_1:count_0\ (fanout=1)
    </CYPRESSTAG>
    <CYPRESSTAG name="Datapath listing">
    </CYPRESSTAG>
    <CYPRESSTAG name="Status register listing">
    </CYPRESSTAG>
    <CYPRESSTAG name="StatusI register listing">
    </CYPRESSTAG>
    <CYPRESSTAG name="Sync listing">
    </CYPRESSTAG>
    <CYPRESSTAG name="Control register listing">
    </CYPRESSTAG>
    <CYPRESSTAG name="Count7 listing">
    </CYPRESSTAG>
    <CYPRESSTAG name="DRQ listing">
    </CYPRESSTAG>
    <CYPRESSTAG name="Interrupt listing">
    </CYPRESSTAG>
</CYPRESSTAG>
<CYPRESSTAG name="Technology mapping summary" expanded>

------------------------------------------------------------
Technology mapping summary
------------------------------------------------------------

Resource Type                 : Used : Free :  Max :  % Used
============================================================
Digital Clocks                :    1 :    3 :    4 : 25.00 %
Interrupts                    :    0 :   32 :   32 :  0.00 %
IO                            :    5 :   46 :   51 :  9.80 %
Segment LCD                   :    0 :    1 :    1 :  0.00 %
CapSense                      :    0 :    2 :    2 :  0.00 %
Die Temp                      :    0 :    1 :    1 :  0.00 %
CAN 2.0b                      :    0 :    2 :    2 :  0.00 %
Serial Communication (SCB)    :    0 :    4 :    4 :  0.00 %
DMA Channels                  :    0 :    8 :    8 :  0.00 %
Timer/Counter/PWM             :    0 :    8 :    8 :  0.00 %
UDB                           :      :      :      :        
  Macrocells                  :    5 :   27 :   32 : 15.63 %
  Unique P-terms              :    4 :   60 :   64 :  6.25 %
  Total P-terms               :    4 :      :      :        
  Datapath Cells              :    0 :    4 :    4 :  0.00 %
  Status Cells                :    0 :    4 :    4 :  0.00 %
  Control Cells               :    0 :    4 :    4 :  0.00 %
Comparator/Opamp              :    0 :    4 :    4 :  0.00 %
LP Comparator                 :    0 :    2 :    2 :  0.00 %
SAR ADC                       :    0 :    1 :    1 :  0.00 %
DAC                           :      :      :      :        
  7-bit IDAC                  :    0 :    2 :    2 :  0.00 %
  8-bit IDAC                  :    0 :    2 :    2 :  0.00 %
</CYPRESSTAG>
Technology Mapping: Elapsed time ==> 0s.019ms
Tech Mapping phase: Elapsed time ==> 0s.050ms
</CYPRESSTAG>
<CYPRESSTAG name="Analog Placement">
<CYPRESSTAG name="FFB & IO Pre Placement">
<CYPRESSTAG name="Placement" icon="FILE_RPT_PLACEMENT">

Cell                                : Block                              
=========================================================================
X(0)                                : [IOP=(2)][IoId=(0)]                
out0(0)                             : [IOP=(0)][IoId=(7)]                
out1(0)                             : [IOP=(0)][IoId=(1)]                
ClockGenBlock                       : CLK_GEN_[FFB(CLK_GEN,0)]           

</CYPRESSTAG>
</CYPRESSTAG>
<CYPRESSTAG name="Real Analog Placement">
Elapsed time ==> 0.3014017s
</CYPRESSTAG>
Analog Placement phase: Elapsed time ==> 0s.459ms
</CYPRESSTAG>
<CYPRESSTAG name="Analog Routing">
<CYPRESSTAG name="Analog Routing">
Route success=True, Iterations=1 Elapsed=0.0006027 secs
</CYPRESSTAG>
Analog Routing phase: Elapsed time ==> 0s.000ms
</CYPRESSTAG>
<CYPRESSTAG name="Analog Code Generation">
============ Analog Final Answer Routes ============
Dump of CyAnalogRoutingResultsDB
Map of net to items {
}
Map of item to net {
}
Mux Info {
}
Analog Code Generation phase: Elapsed time ==> 0s.020ms
</CYPRESSTAG>
<CYPRESSTAG name="Digital Placement">
<CYPRESSTAG name="Detailed placement messages">
I2076: Total run-time: 0.2 sec.

</CYPRESSTAG>
<CYPRESSTAG name="PLD Packing">
<CYPRESSTAG name="PLD Packing Summary" expanded>

------------------------------------------------------------
PLD Packing Summary
------------------------------------------------------------
            Resource Type : Used : Free :  Max :  % Used
    ====================================================
                     PLDs :    2 :    6 :    8 :  25.00%

<CYPRESSTAG name="PLD Statistics">

        PLD Resource Type :     Average/LAB
    =======================================
                   Inputs :            2.50
                   Pterms :            2.00
               Macrocells :            2.50
</CYPRESSTAG>
<CYPRESSTAG name="Packed PLD Contents">
Packed PLD Contents not displayed at this verbose level.</CYPRESSTAG>
</CYPRESSTAG>
PLD Packing: Elapsed time ==> 0s.000ms
</CYPRESSTAG>
<CYPRESSTAG name="Partitioning">
<CYPRESSTAG name="Initial Partitioning Summary">
Initial Partitioning Summary not displayed at this verbose level.</CYPRESSTAG>
<CYPRESSTAG name="Final Partitioning Summary">
Final Partitioning Summary not displayed at this verbose level.</CYPRESSTAG>
Partitioning: Elapsed time ==> 0s.009ms
</CYPRESSTAG>
<CYPRESSTAG name="Final Placement Summary">

------------------------------------------------------------
Final Placement Summary
------------------------------------------------------------

       Resource Type :      Count : Avg Inputs : Avg Outputs
    ========================================================
                 UDB :          1 :       5.00 :       5.00
<CYPRESSTAG name="Final Placement Details">
<CYPRESSTAG name="Component Details">

------------------------------------------------------------
Component Placement Details
------------------------------------------------------------
UDB [UDB=(0,0)] is empty.
UDB [UDB=(0,1)] is empty.
UDB [UDB=(1,0)] is empty.
UDB [UDB=(1,1)] contents:
LAB@[UDB=(1,1)][LB=0] #macrocells=2, #inputs=3, #pterms=2
{
    [McSlotId=0]:     MacroCell: Name=Net_2, Mode=(T-Register) @ [UDB=(1,1)][LB=0][MC=0]
        Total # of inputs        : 3
        Total # of product terms : 1
        List of special equations: 
            Clock  = (Net_24_digital) => Global
            Clock Enable: PosEdge(Net_14)
        Main Equation            : 1 pterm
        !(
              !Net_6 * Net_2 * Net_1
        );
        Output = Net_2 (fanout=3)
        Properties               : 
        {
        }

    [McSlotId=1]:     MacroCell: Name=Net_6, Mode=(D-Register) @ [UDB=(1,1)][LB=0][MC=1]
        Total # of inputs        : 2
        Total # of product terms : 1
        List of special equations: 
            Clock  = (Net_24_digital) => Global
            Clock Enable: PosEdge(Net_14)
        Main Equation            : 1 pterm
        (
              !Net_6 * Net_2
        );
        Output = Net_6 (fanout=3)
        Properties               : 
        {
        }

    [McSlotId=2]: (empty)
    [McSlotId=3]: (empty)
}

LAB@[UDB=(1,1)][LB=1] #macrocells=3, #inputs=2, #pterms=2
{
    [McSlotId=0]:     MacroCell: Name=Net_14, Mode=(D-Register) @ [UDB=(1,1)][LB=1][MC=0]
        Total # of inputs        : 2
        Total # of product terms : 1
        List of special equations: 
            Clock  = (Net_24_digital) => Global
            Clock Enable: True
        Main Equation            : 1 pterm
        !(
              \FreqDiv_1:not_last_reset\ * !\FreqDiv_1:count_0\
        );
        Output = Net_14 (fanout=2)
        Properties               : 
        {
        }

    [McSlotId=1]:     MacroCell: Name=\FreqDiv_1:count_0\, Mode=(T-Register) @ [UDB=(1,1)][LB=1][MC=1]
        Total # of inputs        : 1
        Total # of product terms : 1
        List of special equations: 
            Clock  = (Net_24_digital) => Global
            Clock Enable: True
        Main Equation            : 1 pterm
        (
              \FreqDiv_1:not_last_reset\
        );
        Output = \FreqDiv_1:count_0\ (fanout=1)
        Properties               : 
        {
        }

    [McSlotId=2]:     MacroCell: Name=\FreqDiv_1:not_last_reset\, Mode=(D-Register) @ [UDB=(1,1)][LB=1][MC=2]
        Total # of inputs        : 0
        Total # of product terms : 0
        List of special equations: 
            Clock  = (Net_24_digital) => Global
            Clock Enable: True
        Main Equation            : 0 pterms
        !(
            0
        );
        Output = \FreqDiv_1:not_last_reset\ (fanout=2)
        Properties               : 
        {
        }

    [McSlotId=3]: (empty)
}

Intr container @ [IntrContainer=(0)]: empty
Drq container @ [DrqContainer=(0)]: empty
Port 0 contains the following IO cells:
[IoId=1]: 
Pin : Name = out1(0)
    Attributes:
        In Group/Port: True
        In Sync Option: AUTO
        Out Sync Option: NOSYNC
        Interrupt generated: False
        Interrupt mode: NONE
        Drive mode: CMOS_OUT
        VTrip: EITHER
        Slew: FAST
        Input Sync needed: False
        Output Sync needed: False
        SC shield enabled: False
        POR State: ANY
        LCD Mode: COMMON
        Register Mode: RegComb
        CaSense Mode: NEITHER
        Treat as pin: True
        Is OE Registered: False
        Uses Analog: False
        Can contain Digital: True
        Is SIO: False
        SIO Output Buf: NONREGULATED
        SIO Input Buf: SINGLE_ENDED
        SIO HiFreq: LOW
        SIO Hyst: DISABLED
        SIO Vtrip: MULTIPLIER_0_5
        SIO Multiplier Index: 0
        SIO RefSel: VCC_IO
        Required Capabilities: DIGITAL, ROUTABLE
        Initial Value: 1
        IO Voltage: 0
    PORT MAP (
        pa_out => out1(0)__PA ,
        pin_input => Net_6 ,
        pad => out1(0)_PAD );
    Properties:
    {
    }

[IoId=7]: 
Pin : Name = out0(0)
    Attributes:
        In Group/Port: True
        In Sync Option: AUTO
        Out Sync Option: NOSYNC
        Interrupt generated: False
        Interrupt mode: NONE
        Drive mode: CMOS_OUT
        VTrip: EITHER
        Slew: FAST
        Input Sync needed: False
        Output Sync needed: False
        SC shield enabled: False
        POR State: ANY
        LCD Mode: COMMON
        Register Mode: RegComb
        CaSense Mode: NEITHER
        Treat as pin: True
        Is OE Registered: False
        Uses Analog: False
        Can contain Digital: True
        Is SIO: False
        SIO Output Buf: NONREGULATED
        SIO Input Buf: SINGLE_ENDED
        SIO HiFreq: LOW
        SIO Hyst: DISABLED
        SIO Vtrip: MULTIPLIER_0_5
        SIO Multiplier Index: 0
        SIO RefSel: VCC_IO
        Required Capabilities: DIGITAL, ROUTABLE
        Initial Value: 1
        IO Voltage: 0
    PORT MAP (
        pa_out => out0(0)__PA ,
        pin_input => Net_2 ,
        pad => out0(0)_PAD );
    Properties:
    {
    }

Port 1 contains the following IO cells:
Port 2 contains the following IO cells:
[IoId=0]: 
Pin : Name = X(0)
    Attributes:
        In Group/Port: True
        In Sync Option: NOSYNC
        Out Sync Option: AUTO
        Interrupt generated: False
        Interrupt mode: NONE
        Drive mode: HI_Z_DIGITAL
        VTrip: CMOS
        Slew: FAST
        Input Sync needed: False
        Output Sync needed: False
        SC shield enabled: False
        POR State: ANY
        LCD Mode: COMMON
        Register Mode: RegComb
        CaSense Mode: NEITHER
        Treat as pin: True
        Is OE Registered: False
        Uses Analog: False
        Can contain Digital: True
        Is SIO: False
        SIO Output Buf: NONREGULATED
        SIO Input Buf: SINGLE_ENDED
        SIO HiFreq: LOW
        SIO Hyst: DISABLED
        SIO Vtrip: MULTIPLIER_0_5
        SIO Multiplier Index: 0
        SIO RefSel: VCC_IO
        Required Capabilities: DIGITAL, ROUTABLE
        Initial Value: 0
        IO Voltage: 0
    PORT MAP (
        pa_out => X(0)__PA ,
        fb => Net_1 ,
        pad => X(0)_PAD );
    Properties:
    {
    }

Port 3 contains the following IO cells:
Port 4 contains the following IO cells:
Port 5 contains the following IO cells:
Port 6 contains the following IO cells:
Port 7 contains the following IO cells:
ARM group 0: empty
CAN group 0: empty
Clock group 0: 
    Clock Block @ F(Clock,0): 
    m0s8clockblockcell: Name =ClockBlock
        PORT MAP (
            hfclk => ClockBlock_HFClk ,
            imo => ClockBlock_IMO ,
            ext => ClockBlock_ExtClk ,
            sysclk => ClockBlock_SysClk ,
            ilo => ClockBlock_ILO ,
            lfclk => ClockBlock_LFClk ,
            wco => ClockBlock_WCO ,
            dsi_in_0 => ClockBlock_Routed1 ,
            udb_div_0 => dclk_to_genclk );
        Properties:
        {
        }
LCD group 0: empty
PICU group 0: empty
LPCOMP group 0: empty
SCB group 0: empty
CSD group 0: empty
CSIDAC8 group 0: empty
CSIDAC7 group 0: empty
TCPWM group 0: empty
OA group 0: empty
TEMP group 0: empty
SARADC group 0: empty
CLK_GEN group 0: 
    M0S8 Clock Gen Block @ F(CLK_GEN,0): 
    m0s8clockgenblockcell: Name =ClockGenBlock
        PORT MAP (
            gen_clk_out_0 => Net_24_digital ,
            gen_clk_in_0 => dclk_to_genclk );
        Properties:
        {
        }
LPCOMPBLOCK group 0: empty
PASSBLOCK group 0: empty
WCO group 0: empty
SRSS group 0: empty
CPUSS group 0: empty
IOSS group 0: empty
</CYPRESSTAG>
<CYPRESSTAG name="Port Configuration Details">

------------------------------------------------------------
Port Configuration report
------------------------------------------------------------
     |     |       | Interrupt |                  |         | 
Port | Pin | Fixed |      Type |       Drive Mode |    Name | Connections
-----+-----+-------+-----------+------------------+---------+------------
   0 |   1 |     * |      NONE |         CMOS_OUT | out1(0) | In(Net_6)
     |   7 |     * |      NONE |         CMOS_OUT | out0(0) | In(Net_2)
-----+-----+-------+-----------+------------------+---------+------------
   2 |   0 |     * |      NONE |     HI_Z_DIGITAL |    X(0) | FB(Net_1)
-------------------------------------------------------------------------
</CYPRESSTAG>
</CYPRESSTAG>
</CYPRESSTAG>
Digital component placer commit/Report: Elapsed time ==> 0s.000ms
Digital Placement phase: Elapsed time ==> 0s.330ms
</CYPRESSTAG>
<CYPRESSTAG name="Digital Routing">
"C:\Program Files (x86)\Cypress\PSoC Creator\4.1\PSoC Creator\bin/sjrouter.exe" --xml-path "C:\Program Files (x86)\Cypress\PSoC Creator\4.1\PSoC Creator\dev\psoc4/4/route_arch-rrg.cydata" --vh2-path "Design01_r.vh2" --pcf-path "Design01.pco" --des-name "Design01" --dsf-path "Design01.dsf" --sdc-path "Design01.sdc" --lib-path "Design01_r.lib"
Routing successful.
Digital Routing phase: Elapsed time ==> 0s.520ms
</CYPRESSTAG>
<CYPRESSTAG name="Bitstream Generation">
Bitstream Generation phase: Elapsed time ==> 0s.189ms
</CYPRESSTAG>
<CYPRESSTAG name="Bitstream Verification">
Bitstream Verification phase: Elapsed time ==> 0s.010ms
</CYPRESSTAG>
<CYPRESSTAG name="Static timing analysis">
Timing report is in Design01_timing.html.
Static timing analysis phase: Elapsed time ==> 0s.130ms
</CYPRESSTAG>
<CYPRESSTAG name="Data reporting">
Data reporting phase: Elapsed time ==> 0s.000ms
</CYPRESSTAG>
<CYPRESSTAG name="Database update...">
Design database save phase: Elapsed time ==> 0s.169ms
</CYPRESSTAG>
cydsfit: Elapsed time ==> 1s.930ms
</CYPRESSTAG>
Fitter phase: Elapsed time ==> 1s.930ms
API generation phase: Elapsed time ==> 0s.870ms
Dependency generation phase: Elapsed time ==> 0s.019ms
Cleanup phase: Elapsed time ==> 0s.000ms
